Processing by HomeController#index as HTML
  Rendered home/index.html.erb within layouts/application (9.5ms)
  [1m[36mMtxUser Load (129.1ms)[0m  [1mSELECT  `mtx_user`.* FROM `mtx_user` WHERE `mtx_user`.`id` IS NULL LIMIT 1[0m
  [1m[35mCACHE (0.0ms)[0m  SELECT  `mtx_user`.* FROM `mtx_user` WHERE `mtx_user`.`id` IS NULL LIMIT 1
  [1m[36mCACHE (0.0ms)[0m  [1mSELECT  `mtx_user`.* FROM `mtx_user` WHERE `mtx_user`.`id` IS NULL LIMIT 1[0m
  Rendered layouts/_header.html.erb (906.4ms)
Completed 500 Internal Server Error in 2949ms (ActiveRecord: 416.0ms)
  Rendered /Users/nguyenkhoavu/.rbenv/versions/2.2.3/lib/ruby/gems/2.2.0/gems/actionpack-4.2.4/lib/action_dispatch/middleware/templates/rescues/_source.erb (6.6ms)
  Rendered /Users/nguyenkhoavu/.rbenv/versions/2.2.3/lib/ruby/gems/2.2.0/gems/actionpack-4.2.4/lib/action_dispatch/middleware/templates/rescues/_trace.html.erb (2.5ms)
  Rendered /Users/nguyenkhoavu/.rbenv/versions/2.2.3/lib/ruby/gems/2.2.0/gems/actionpack-4.2.4/lib/action_dispatch/middleware/templates/rescues/_request_and_response.html.erb (0.8ms)
  Rendered /Users/nguyenkhoavu/.rbenv/versions/2.2.3/lib/ruby/gems/2.2.0/gems/actionpack-4.2.4/lib/action_dispatch/middleware/templates/rescues/template_error.html.erb within rescues/layout (68.3ms)
  Rendered /Users/nguyenkhoavu/.rbenv/versions/2.2.3/lib/ruby/gems/2.2.0/gems/web-console-2.2.1/lib/web_console/templates/_markup.html.erb (0.3ms)
  Rendered /Users/nguyenkhoavu/.rbenv/versions/2.2.3/lib/ruby/gems/2.2.0/gems/web-console-2.2.1/lib/web_console/templates/_inner_console_markup.html.erb within layouts/inlined_string (0.3ms)
  Rendered /Users/nguyenkhoavu/.rbenv/versions/2.2.3/lib/ruby/gems/2.2.0/gems/web-console-2.2.1/lib/web_console/templates/_prompt_box_markup.html.erb within layouts/inlined_string (0.3ms)
  Rendered /Users/nguyenkhoavu/.rbenv/versions/2.2.3/lib/ruby/gems/2.2.0/gems/web-console-2.2.1/lib/web_console/templates/style.css.erb within layouts/inlined_string (0.3ms)
  Rendered /Users/nguyenkhoavu/.rbenv/versions/2.2.3/lib/ruby/gems/2.2.0/gems/web-console-2.2.1/lib/web_console/templates/console.js.erb within layouts/javascript (77.3ms)
  Rendered /Users/nguyenkhoavu/.rbenv/versions/2.2.3/lib/ruby/gems/2.2.0/gems/web-console-2.2.1/lib/web_console/templates/main.js.erb within layouts/javascript (0.3ms)
  Rendered /Users/nguyenkhoavu/.rbenv/versions/2.2.3/lib/ruby/gems/2.2.0/gems/web-console-2.2.1/lib/web_console/templates/error_page.js.erb within layouts/javascript (0.4ms)
  Rendered /Users/nguyenkhoavu/.rbenv/versions/2.2.3/lib/ruby/gems/2.2.0/gems/web-console-2.2.1/lib/web_console/templates/index.html.erb (156.7ms)
Processing by HomeController#index as HTML
  Rendered home/index.html.erb within layouts/application (0.8ms)
  [1m[35mMtxUser Load (0.3ms)[0m  SELECT  `mtx_user`.* FROM `mtx_user` WHERE `mtx_user`.`id` IS NULL LIMIT 1
  [1m[36mCACHE (0.0ms)[0m  [1mSELECT  `mtx_user`.* FROM `mtx_user` WHERE `mtx_user`.`id` IS NULL LIMIT 1[0m
  [1m[35mCACHE (0.0ms)[0m  SELECT  `mtx_user`.* FROM `mtx_user` WHERE `mtx_user`.`id` IS NULL LIMIT 1
  Rendered layouts/_header.html.erb (4.4ms)
Completed 500 Internal Server Error in 132ms (ActiveRecord: 0.3ms)
  Rendered /Users/nguyenkhoavu/.rbenv/versions/2.2.3/lib/ruby/gems/2.2.0/gems/actionpack-4.2.4/lib/action_dispatch/middleware/templates/rescues/_source.erb (7.5ms)
  Rendered /Users/nguyenkhoavu/.rbenv/versions/2.2.3/lib/ruby/gems/2.2.0/gems/actionpack-4.2.4/lib/action_dispatch/middleware/templates/rescues/_trace.html.erb (2.8ms)
  Rendered /Users/nguyenkhoavu/.rbenv/versions/2.2.3/lib/ruby/gems/2.2.0/gems/actionpack-4.2.4/lib/action_dispatch/middleware/templates/rescues/_request_and_response.html.erb (0.8ms)
  Rendered /Users/nguyenkhoavu/.rbenv/versions/2.2.3/lib/ruby/gems/2.2.0/gems/actionpack-4.2.4/lib/action_dispatch/middleware/templates/rescues/template_error.html.erb within rescues/layout (62.6ms)
  Rendered /Users/nguyenkhoavu/.rbenv/versions/2.2.3/lib/ruby/gems/2.2.0/gems/web-console-2.2.1/lib/web_console/templates/_markup.html.erb (0.3ms)
  Rendered /Users/nguyenkhoavu/.rbenv/versions/2.2.3/lib/ruby/gems/2.2.0/gems/web-console-2.2.1/lib/web_console/templates/_inner_console_markup.html.erb within layouts/inlined_string (0.2ms)
  Rendered /Users/nguyenkhoavu/.rbenv/versions/2.2.3/lib/ruby/gems/2.2.0/gems/web-console-2.2.1/lib/web_console/templates/_prompt_box_markup.html.erb within layouts/inlined_string (0.2ms)
  Rendered /Users/nguyenkhoavu/.rbenv/versions/2.2.3/lib/ruby/gems/2.2.0/gems/web-console-2.2.1/lib/web_console/templates/style.css.erb within layouts/inlined_string (0.3ms)
  Rendered /Users/nguyenkhoavu/.rbenv/versions/2.2.3/lib/ruby/gems/2.2.0/gems/web-console-2.2.1/lib/web_console/templates/console.js.erb within layouts/javascript (51.0ms)
  Rendered /Users/nguyenkhoavu/.rbenv/versions/2.2.3/lib/ruby/gems/2.2.0/gems/web-console-2.2.1/lib/web_console/templates/main.js.erb within layouts/javascript (0.2ms)
  Rendered /Users/nguyenkhoavu/.rbenv/versions/2.2.3/lib/ruby/gems/2.2.0/gems/web-console-2.2.1/lib/web_console/templates/error_page.js.erb within layouts/javascript (0.4ms)
  Rendered /Users/nguyenkhoavu/.rbenv/versions/2.2.3/lib/ruby/gems/2.2.0/gems/web-console-2.2.1/lib/web_console/templates/index.html.erb (114.9ms)
Processing by HomeController#index as HTML
  Rendered home/index.html.erb within layouts/application (0.9ms)
  [1m[36mMtxUser Load (0.3ms)[0m  [1mSELECT  `mtx_user`.* FROM `mtx_user` WHERE `mtx_user`.`id` IS NULL LIMIT 1[0m
  [1m[35mCACHE (0.0ms)[0m  SELECT  `mtx_user`.* FROM `mtx_user` WHERE `mtx_user`.`id` IS NULL LIMIT 1
  [1m[36mCACHE (0.0ms)[0m  [1mSELECT  `mtx_user`.* FROM `mtx_user` WHERE `mtx_user`.`id` IS NULL LIMIT 1[0m
  Rendered layouts/_header.html.erb (4.4ms)
Completed 500 Internal Server Error in 136ms (ActiveRecord: 0.3ms)
  Rendered /Users/nguyenkhoavu/.rbenv/versions/2.2.3/lib/ruby/gems/2.2.0/gems/actionpack-4.2.4/lib/action_dispatch/middleware/templates/rescues/_source.erb (7.7ms)
  Rendered /Users/nguyenkhoavu/.rbenv/versions/2.2.3/lib/ruby/gems/2.2.0/gems/actionpack-4.2.4/lib/action_dispatch/middleware/templates/rescues/_trace.html.erb (3.0ms)
  Rendered /Users/nguyenkhoavu/.rbenv/versions/2.2.3/lib/ruby/gems/2.2.0/gems/actionpack-4.2.4/lib/action_dispatch/middleware/templates/rescues/_request_and_response.html.erb (0.8ms)
  Rendered /Users/nguyenkhoavu/.rbenv/versions/2.2.3/lib/ruby/gems/2.2.0/gems/actionpack-4.2.4/lib/action_dispatch/middleware/templates/rescues/template_error.html.erb within rescues/layout (65.0ms)
  Rendered /Users/nguyenkhoavu/.rbenv/versions/2.2.3/lib/ruby/gems/2.2.0/gems/web-console-2.2.1/lib/web_console/templates/_markup.html.erb (0.3ms)
  Rendered /Users/nguyenkhoavu/.rbenv/versions/2.2.3/lib/ruby/gems/2.2.0/gems/web-console-2.2.1/lib/web_console/templates/_inner_console_markup.html.erb within layouts/inlined_string (0.3ms)
  Rendered /Users/nguyenkhoavu/.rbenv/versions/2.2.3/lib/ruby/gems/2.2.0/gems/web-console-2.2.1/lib/web_console/templates/_prompt_box_markup.html.erb within layouts/inlined_string (0.3ms)
  Rendered /Users/nguyenkhoavu/.rbenv/versions/2.2.3/lib/ruby/gems/2.2.0/gems/web-console-2.2.1/lib/web_console/templates/style.css.erb within layouts/inlined_string (0.3ms)
  Rendered /Users/nguyenkhoavu/.rbenv/versions/2.2.3/lib/ruby/gems/2.2.0/gems/web-console-2.2.1/lib/web_console/templates/console.js.erb within layouts/javascript (53.0ms)
  Rendered /Users/nguyenkhoavu/.rbenv/versions/2.2.3/lib/ruby/gems/2.2.0/gems/web-console-2.2.1/lib/web_console/templates/main.js.erb within layouts/javascript (0.3ms)
  Rendered /Users/nguyenkhoavu/.rbenv/versions/2.2.3/lib/ruby/gems/2.2.0/gems/web-console-2.2.1/lib/web_console/templates/error_page.js.erb within layouts/javascript (0.4ms)
  Rendered /Users/nguyenkhoavu/.rbenv/versions/2.2.3/lib/ruby/gems/2.2.0/gems/web-console-2.2.1/lib/web_console/templates/index.html.erb (117.0ms)
Processing by HomeController#index as HTML
  Rendered home/index.html.erb within layouts/application (0.9ms)
  [1m[35mMtxUser Load (0.2ms)[0m  SELECT  `mtx_user`.* FROM `mtx_user` WHERE `mtx_user`.`id` IS NULL LIMIT 1
  [1m[36mCACHE (0.0ms)[0m  [1mSELECT  `mtx_user`.* FROM `mtx_user` WHERE `mtx_user`.`id` IS NULL LIMIT 1[0m
  [1m[35mCACHE (0.0ms)[0m  SELECT  `mtx_user`.* FROM `mtx_user` WHERE `mtx_user`.`id` IS NULL LIMIT 1
  Rendered layouts/_header.html.erb (4.0ms)
Completed 500 Internal Server Error in 136ms (ActiveRecord: 0.3ms)
  Rendered /Users/nguyenkhoavu/.rbenv/versions/2.2.3/lib/ruby/gems/2.2.0/gems/actionpack-4.2.4/lib/action_dispatch/middleware/templates/rescues/_source.erb (7.5ms)
  Rendered /Users/nguyenkhoavu/.rbenv/versions/2.2.3/lib/ruby/gems/2.2.0/gems/actionpack-4.2.4/lib/action_dispatch/middleware/templates/rescues/_trace.html.erb (2.8ms)
  Rendered /Users/nguyenkhoavu/.rbenv/versions/2.2.3/lib/ruby/gems/2.2.0/gems/actionpack-4.2.4/lib/action_dispatch/middleware/templates/rescues/_request_and_response.html.erb (0.8ms)
  Rendered /Users/nguyenkhoavu/.rbenv/versions/2.2.3/lib/ruby/gems/2.2.0/gems/actionpack-4.2.4/lib/action_dispatch/middleware/templates/rescues/template_error.html.erb within rescues/layout (62.3ms)
  Rendered /Users/nguyenkhoavu/.rbenv/versions/2.2.3/lib/ruby/gems/2.2.0/gems/web-console-2.2.1/lib/web_console/templates/_markup.html.erb (0.3ms)
  Rendered /Users/nguyenkhoavu/.rbenv/versions/2.2.3/lib/ruby/gems/2.2.0/gems/web-console-2.2.1/lib/web_console/templates/_inner_console_markup.html.erb within layouts/inlined_string (0.3ms)
  Rendered /Users/nguyenkhoavu/.rbenv/versions/2.2.3/lib/ruby/gems/2.2.0/gems/web-console-2.2.1/lib/web_console/templates/_prompt_box_markup.html.erb within layouts/inlined_string (0.2ms)
  Rendered /Users/nguyenkhoavu/.rbenv/versions/2.2.3/lib/ruby/gems/2.2.0/gems/web-console-2.2.1/lib/web_console/templates/style.css.erb within layouts/inlined_string (0.2ms)
  Rendered /Users/nguyenkhoavu/.rbenv/versions/2.2.3/lib/ruby/gems/2.2.0/gems/web-console-2.2.1/lib/web_console/templates/console.js.erb within layouts/javascript (56.3ms)
  Rendered /Users/nguyenkhoavu/.rbenv/versions/2.2.3/lib/ruby/gems/2.2.0/gems/web-console-2.2.1/lib/web_console/templates/main.js.erb within layouts/javascript (0.2ms)
  Rendered /Users/nguyenkhoavu/.rbenv/versions/2.2.3/lib/ruby/gems/2.2.0/gems/web-console-2.2.1/lib/web_console/templates/error_page.js.erb within layouts/javascript (0.3ms)
  Rendered /Users/nguyenkhoavu/.rbenv/versions/2.2.3/lib/ruby/gems/2.2.0/gems/web-console-2.2.1/lib/web_console/templates/index.html.erb (124.1ms)
Processing by HomeController#index as HTML
  Rendered home/index.html.erb within layouts/application (1.0ms)
  [1m[36mMtxUser Load (0.3ms)[0m  [1mSELECT  `mtx_user`.* FROM `mtx_user` WHERE `mtx_user`.`id` IS NULL LIMIT 1[0m
  [1m[35mCACHE (0.0ms)[0m  SELECT  `mtx_user`.* FROM `mtx_user` WHERE `mtx_user`.`id` IS NULL LIMIT 1
  [1m[36mCACHE (0.0ms)[0m  [1mSELECT  `mtx_user`.* FROM `mtx_user` WHERE `mtx_user`.`id` IS NULL LIMIT 1[0m
  Rendered layouts/_header.html.erb (4.3ms)
Completed 500 Internal Server Error in 133ms (ActiveRecord: 0.3ms)
  Rendered /Users/nguyenkhoavu/.rbenv/versions/2.2.3/lib/ruby/gems/2.2.0/gems/actionpack-4.2.4/lib/action_dispatch/middleware/templates/rescues/_source.erb (10.3ms)
  Rendered /Users/nguyenkhoavu/.rbenv/versions/2.2.3/lib/ruby/gems/2.2.0/gems/actionpack-4.2.4/lib/action_dispatch/middleware/templates/rescues/_trace.html.erb (5.0ms)
  Rendered /Users/nguyenkhoavu/.rbenv/versions/2.2.3/lib/ruby/gems/2.2.0/gems/actionpack-4.2.4/lib/action_dispatch/middleware/templates/rescues/_request_and_response.html.erb (0.8ms)
  Rendered /Users/nguyenkhoavu/.rbenv/versions/2.2.3/lib/ruby/gems/2.2.0/gems/actionpack-4.2.4/lib/action_dispatch/middleware/templates/rescues/template_error.html.erb within rescues/layout (72.6ms)
  Rendered /Users/nguyenkhoavu/.rbenv/versions/2.2.3/lib/ruby/gems/2.2.0/gems/web-console-2.2.1/lib/web_console/templates/_markup.html.erb (0.3ms)
  Rendered /Users/nguyenkhoavu/.rbenv/versions/2.2.3/lib/ruby/gems/2.2.0/gems/web-console-2.2.1/lib/web_console/templates/_inner_console_markup.html.erb within layouts/inlined_string (0.3ms)
  Rendered /Users/nguyenkhoavu/.rbenv/versions/2.2.3/lib/ruby/gems/2.2.0/gems/web-console-2.2.1/lib/web_console/templates/_prompt_box_markup.html.erb within layouts/inlined_string (0.2ms)
  Rendered /Users/nguyenkhoavu/.rbenv/versions/2.2.3/lib/ruby/gems/2.2.0/gems/web-console-2.2.1/lib/web_console/templates/style.css.erb within layouts/inlined_string (0.3ms)
  Rendered /Users/nguyenkhoavu/.rbenv/versions/2.2.3/lib/ruby/gems/2.2.0/gems/web-console-2.2.1/lib/web_console/templates/console.js.erb within layouts/javascript (60.4ms)
  Rendered /Users/nguyenkhoavu/.rbenv/versions/2.2.3/lib/ruby/gems/2.2.0/gems/web-console-2.2.1/lib/web_console/templates/main.js.erb within layouts/javascript (0.2ms)
  Rendered /Users/nguyenkhoavu/.rbenv/versions/2.2.3/lib/ruby/gems/2.2.0/gems/web-console-2.2.1/lib/web_console/templates/error_page.js.erb within layouts/javascript (0.3ms)
  Rendered /Users/nguyenkhoavu/.rbenv/versions/2.2.3/lib/ruby/gems/2.2.0/gems/web-console-2.2.1/lib/web_console/templates/index.html.erb (123.5ms)
Processing by HomeController#index as HTML
  Rendered home/index.html.erb within layouts/application (0.8ms)
  [1m[35mMtxUser Load (0.2ms)[0m  SELECT  `mtx_user`.* FROM `mtx_user` WHERE `mtx_user`.`id` IS NULL LIMIT 1
  [1m[36mCACHE (0.0ms)[0m  [1mSELECT  `mtx_user`.* FROM `mtx_user` WHERE `mtx_user`.`id` IS NULL LIMIT 1[0m
  [1m[35mCACHE (0.0ms)[0m  SELECT  `mtx_user`.* FROM `mtx_user` WHERE `mtx_user`.`id` IS NULL LIMIT 1
  Rendered layouts/_header.html.erb (4.5ms)
Completed 500 Internal Server Error in 149ms (ActiveRecord: 0.2ms)
  Rendered /Users/nguyenkhoavu/.rbenv/versions/2.2.3/lib/ruby/gems/2.2.0/gems/actionpack-4.2.4/lib/action_dispatch/middleware/templates/rescues/_source.erb (7.7ms)
  Rendered /Users/nguyenkhoavu/.rbenv/versions/2.2.3/lib/ruby/gems/2.2.0/gems/actionpack-4.2.4/lib/action_dispatch/middleware/templates/rescues/_trace.html.erb (5.5ms)
  Rendered /Users/nguyenkhoavu/.rbenv/versions/2.2.3/lib/ruby/gems/2.2.0/gems/actionpack-4.2.4/lib/action_dispatch/middleware/templates/rescues/_request_and_response.html.erb (0.9ms)
  Rendered /Users/nguyenkhoavu/.rbenv/versions/2.2.3/lib/ruby/gems/2.2.0/gems/actionpack-4.2.4/lib/action_dispatch/middleware/templates/rescues/template_error.html.erb within rescues/layout (75.4ms)
  Rendered /Users/nguyenkhoavu/.rbenv/versions/2.2.3/lib/ruby/gems/2.2.0/gems/web-console-2.2.1/lib/web_console/templates/_markup.html.erb (0.3ms)
  Rendered /Users/nguyenkhoavu/.rbenv/versions/2.2.3/lib/ruby/gems/2.2.0/gems/web-console-2.2.1/lib/web_console/templates/_inner_console_markup.html.erb within layouts/inlined_string (0.2ms)
  Rendered /Users/nguyenkhoavu/.rbenv/versions/2.2.3/lib/ruby/gems/2.2.0/gems/web-console-2.2.1/lib/web_console/templates/_prompt_box_markup.html.erb within layouts/inlined_string (0.2ms)
  Rendered /Users/nguyenkhoavu/.rbenv/versions/2.2.3/lib/ruby/gems/2.2.0/gems/web-console-2.2.1/lib/web_console/templates/style.css.erb within layouts/inlined_string (0.2ms)
  Rendered /Users/nguyenkhoavu/.rbenv/versions/2.2.3/lib/ruby/gems/2.2.0/gems/web-console-2.2.1/lib/web_console/templates/console.js.erb within layouts/javascript (56.5ms)
  Rendered /Users/nguyenkhoavu/.rbenv/versions/2.2.3/lib/ruby/gems/2.2.0/gems/web-console-2.2.1/lib/web_console/templates/main.js.erb within layouts/javascript (0.3ms)
  Rendered /Users/nguyenkhoavu/.rbenv/versions/2.2.3/lib/ruby/gems/2.2.0/gems/web-console-2.2.1/lib/web_console/templates/error_page.js.erb within layouts/javascript (0.3ms)
  Rendered /Users/nguyenkhoavu/.rbenv/versions/2.2.3/lib/ruby/gems/2.2.0/gems/web-console-2.2.1/lib/web_console/templates/index.html.erb (118.2ms)
Processing by HomeController#index as HTML
  Rendered home/index.html.erb within layouts/application (0.8ms)
  [1m[36mMtxUser Load (0.2ms)[0m  [1mSELECT  `mtx_user`.* FROM `mtx_user` WHERE `mtx_user`.`id` IS NULL LIMIT 1[0m
  [1m[35mCACHE (0.0ms)[0m  SELECT  `mtx_user`.* FROM `mtx_user` WHERE `mtx_user`.`id` IS NULL LIMIT 1
  [1m[36mCACHE (0.0ms)[0m  [1mSELECT  `mtx_user`.* FROM `mtx_user` WHERE `mtx_user`.`id` IS NULL LIMIT 1[0m
  Rendered layouts/_header.html.erb (4.4ms)
Completed 500 Internal Server Error in 130ms (ActiveRecord: 0.3ms)
  Rendered /Users/nguyenkhoavu/.rbenv/versions/2.2.3/lib/ruby/gems/2.2.0/gems/actionpack-4.2.4/lib/action_dispatch/middleware/templates/rescues/_source.erb (7.5ms)
  Rendered /Users/nguyenkhoavu/.rbenv/versions/2.2.3/lib/ruby/gems/2.2.0/gems/actionpack-4.2.4/lib/action_dispatch/middleware/templates/rescues/_trace.html.erb (5.6ms)
  Rendered /Users/nguyenkhoavu/.rbenv/versions/2.2.3/lib/ruby/gems/2.2.0/gems/actionpack-4.2.4/lib/action_dispatch/middleware/templates/rescues/_request_and_response.html.erb (0.8ms)
  Rendered /Users/nguyenkhoavu/.rbenv/versions/2.2.3/lib/ruby/gems/2.2.0/gems/actionpack-4.2.4/lib/action_dispatch/middleware/templates/rescues/template_error.html.erb within rescues/layout (70.7ms)
  Rendered /Users/nguyenkhoavu/.rbenv/versions/2.2.3/lib/ruby/gems/2.2.0/gems/web-console-2.2.1/lib/web_console/templates/_markup.html.erb (0.3ms)
  Rendered /Users/nguyenkhoavu/.rbenv/versions/2.2.3/lib/ruby/gems/2.2.0/gems/web-console-2.2.1/lib/web_console/templates/_inner_console_markup.html.erb within layouts/inlined_string (0.2ms)
  Rendered /Users/nguyenkhoavu/.rbenv/versions/2.2.3/lib/ruby/gems/2.2.0/gems/web-console-2.2.1/lib/web_console/templates/_prompt_box_markup.html.erb within layouts/inlined_string (0.3ms)
  Rendered /Users/nguyenkhoavu/.rbenv/versions/2.2.3/lib/ruby/gems/2.2.0/gems/web-console-2.2.1/lib/web_console/templates/style.css.erb within layouts/inlined_string (0.2ms)
  Rendered /Users/nguyenkhoavu/.rbenv/versions/2.2.3/lib/ruby/gems/2.2.0/gems/web-console-2.2.1/lib/web_console/templates/console.js.erb within layouts/javascript (50.9ms)
  Rendered /Users/nguyenkhoavu/.rbenv/versions/2.2.3/lib/ruby/gems/2.2.0/gems/web-console-2.2.1/lib/web_console/templates/main.js.erb within layouts/javascript (0.2ms)
  Rendered /Users/nguyenkhoavu/.rbenv/versions/2.2.3/lib/ruby/gems/2.2.0/gems/web-console-2.2.1/lib/web_console/templates/error_page.js.erb within layouts/javascript (0.3ms)
  Rendered /Users/nguyenkhoavu/.rbenv/versions/2.2.3/lib/ruby/gems/2.2.0/gems/web-console-2.2.1/lib/web_console/templates/index.html.erb (119.1ms)
  Rendered /Users/nguyenkhoavu/.rbenv/versions/2.2.3/lib/ruby/gems/2.2.0/gems/actionpack-4.2.4/lib/action_dispatch/middleware/templates/rescues/unknown_action.html.erb within rescues/layout (0.7ms)
  Rendered /Users/nguyenkhoavu/.rbenv/versions/2.2.3/lib/ruby/gems/2.2.0/gems/web-console-2.2.1/lib/web_console/templates/_markup.html.erb (0.3ms)
  Rendered /Users/nguyenkhoavu/.rbenv/versions/2.2.3/lib/ruby/gems/2.2.0/gems/web-console-2.2.1/lib/web_console/templates/_inner_console_markup.html.erb within layouts/inlined_string (0.5ms)
  Rendered /Users/nguyenkhoavu/.rbenv/versions/2.2.3/lib/ruby/gems/2.2.0/gems/web-console-2.2.1/lib/web_console/templates/_prompt_box_markup.html.erb within layouts/inlined_string (0.3ms)
  Rendered /Users/nguyenkhoavu/.rbenv/versions/2.2.3/lib/ruby/gems/2.2.0/gems/web-console-2.2.1/lib/web_console/templates/style.css.erb within layouts/inlined_string (0.3ms)
  Rendered /Users/nguyenkhoavu/.rbenv/versions/2.2.3/lib/ruby/gems/2.2.0/gems/web-console-2.2.1/lib/web_console/templates/console.js.erb within layouts/javascript (58.4ms)
  Rendered /Users/nguyenkhoavu/.rbenv/versions/2.2.3/lib/ruby/gems/2.2.0/gems/web-console-2.2.1/lib/web_console/templates/main.js.erb within layouts/javascript (0.2ms)
  Rendered /Users/nguyenkhoavu/.rbenv/versions/2.2.3/lib/ruby/gems/2.2.0/gems/web-console-2.2.1/lib/web_console/templates/error_page.js.erb within layouts/javascript (0.5ms)
  Rendered /Users/nguyenkhoavu/.rbenv/versions/2.2.3/lib/ruby/gems/2.2.0/gems/web-console-2.2.1/lib/web_console/templates/index.html.erb (121.7ms)
  Rendered /Users/nguyenkhoavu/.rbenv/versions/2.2.3/lib/ruby/gems/2.2.0/gems/actionpack-4.2.4/lib/action_dispatch/middleware/templates/rescues/unknown_action.html.erb within rescues/layout (0.3ms)
  Rendered /Users/nguyenkhoavu/.rbenv/versions/2.2.3/lib/ruby/gems/2.2.0/gems/web-console-2.2.1/lib/web_console/templates/_markup.html.erb (0.4ms)
  Rendered /Users/nguyenkhoavu/.rbenv/versions/2.2.3/lib/ruby/gems/2.2.0/gems/web-console-2.2.1/lib/web_console/templates/_inner_console_markup.html.erb within layouts/inlined_string (0.2ms)
  Rendered /Users/nguyenkhoavu/.rbenv/versions/2.2.3/lib/ruby/gems/2.2.0/gems/web-console-2.2.1/lib/web_console/templates/_prompt_box_markup.html.erb within layouts/inlined_string (0.2ms)
  Rendered /Users/nguyenkhoavu/.rbenv/versions/2.2.3/lib/ruby/gems/2.2.0/gems/web-console-2.2.1/lib/web_console/templates/style.css.erb within layouts/inlined_string (0.3ms)
  Rendered /Users/nguyenkhoavu/.rbenv/versions/2.2.3/lib/ruby/gems/2.2.0/gems/web-console-2.2.1/lib/web_console/templates/console.js.erb within layouts/javascript (51.4ms)
  Rendered /Users/nguyenkhoavu/.rbenv/versions/2.2.3/lib/ruby/gems/2.2.0/gems/web-console-2.2.1/lib/web_console/templates/main.js.erb within layouts/javascript (0.2ms)
  Rendered /Users/nguyenkhoavu/.rbenv/versions/2.2.3/lib/ruby/gems/2.2.0/gems/web-console-2.2.1/lib/web_console/templates/error_page.js.erb within layouts/javascript (0.3ms)
  Rendered /Users/nguyenkhoavu/.rbenv/versions/2.2.3/lib/ruby/gems/2.2.0/gems/web-console-2.2.1/lib/web_console/templates/index.html.erb (117.6ms)
Processing by HomeController#index as HTML
  Rendered home/index.html.erb within layouts/application (0.8ms)
  [1m[35mMtxUser Load (0.2ms)[0m  SELECT  `mtx_user`.* FROM `mtx_user` WHERE `mtx_user`.`id` IS NULL LIMIT 1
  [1m[36mCACHE (0.0ms)[0m  [1mSELECT  `mtx_user`.* FROM `mtx_user` WHERE `mtx_user`.`id` IS NULL LIMIT 1[0m
  [1m[35mCACHE (0.0ms)[0m  SELECT  `mtx_user`.* FROM `mtx_user` WHERE `mtx_user`.`id` IS NULL LIMIT 1
  Rendered layouts/_header.html.erb (4.6ms)
Completed 500 Internal Server Error in 136ms (ActiveRecord: 0.3ms)
  Rendered /Users/nguyenkhoavu/.rbenv/versions/2.2.3/lib/ruby/gems/2.2.0/gems/actionpack-4.2.4/lib/action_dispatch/middleware/templates/rescues/_source.erb (10.5ms)
  Rendered /Users/nguyenkhoavu/.rbenv/versions/2.2.3/lib/ruby/gems/2.2.0/gems/actionpack-4.2.4/lib/action_dispatch/middleware/templates/rescues/_trace.html.erb (2.9ms)
  Rendered /Users/nguyenkhoavu/.rbenv/versions/2.2.3/lib/ruby/gems/2.2.0/gems/actionpack-4.2.4/lib/action_dispatch/middleware/templates/rescues/_request_and_response.html.erb (0.8ms)
  Rendered /Users/nguyenkhoavu/.rbenv/versions/2.2.3/lib/ruby/gems/2.2.0/gems/actionpack-4.2.4/lib/action_dispatch/middleware/templates/rescues/template_error.html.erb within rescues/layout (68.4ms)
  Rendered /Users/nguyenkhoavu/.rbenv/versions/2.2.3/lib/ruby/gems/2.2.0/gems/web-console-2.2.1/lib/web_console/templates/_markup.html.erb (0.4ms)
  Rendered /Users/nguyenkhoavu/.rbenv/versions/2.2.3/lib/ruby/gems/2.2.0/gems/web-console-2.2.1/lib/web_console/templates/_inner_console_markup.html.erb within layouts/inlined_string (0.3ms)
  Rendered /Users/nguyenkhoavu/.rbenv/versions/2.2.3/lib/ruby/gems/2.2.0/gems/web-console-2.2.1/lib/web_console/templates/_prompt_box_markup.html.erb within layouts/inlined_string (0.2ms)
  Rendered /Users/nguyenkhoavu/.rbenv/versions/2.2.3/lib/ruby/gems/2.2.0/gems/web-console-2.2.1/lib/web_console/templates/style.css.erb within layouts/inlined_string (0.2ms)
  Rendered /Users/nguyenkhoavu/.rbenv/versions/2.2.3/lib/ruby/gems/2.2.0/gems/web-console-2.2.1/lib/web_console/templates/console.js.erb within layouts/javascript (51.0ms)
  Rendered /Users/nguyenkhoavu/.rbenv/versions/2.2.3/lib/ruby/gems/2.2.0/gems/web-console-2.2.1/lib/web_console/templates/main.js.erb within layouts/javascript (0.3ms)
  Rendered /Users/nguyenkhoavu/.rbenv/versions/2.2.3/lib/ruby/gems/2.2.0/gems/web-console-2.2.1/lib/web_console/templates/error_page.js.erb within layouts/javascript (0.4ms)
  Rendered /Users/nguyenkhoavu/.rbenv/versions/2.2.3/lib/ruby/gems/2.2.0/gems/web-console-2.2.1/lib/web_console/templates/index.html.erb (124.4ms)
Processing by HomeController#index as HTML
  Rendered home/index.html.erb within layouts/application (0.9ms)
  [1m[36mMtxUser Load (0.3ms)[0m  [1mSELECT  `mtx_user`.* FROM `mtx_user` WHERE `mtx_user`.`id` IS NULL LIMIT 1[0m
  [1m[35mCACHE (0.0ms)[0m  SELECT  `mtx_user`.* FROM `mtx_user` WHERE `mtx_user`.`id` IS NULL LIMIT 1
  [1m[36mCACHE (0.0ms)[0m  [1mSELECT  `mtx_user`.* FROM `mtx_user` WHERE `mtx_user`.`id` IS NULL LIMIT 1[0m
  Rendered layouts/_header.html.erb (4.3ms)
Completed 500 Internal Server Error in 144ms (ActiveRecord: 0.3ms)
  Rendered /Users/nguyenkhoavu/.rbenv/versions/2.2.3/lib/ruby/gems/2.2.0/gems/actionpack-4.2.4/lib/action_dispatch/middleware/templates/rescues/_source.erb (15.7ms)
  Rendered /Users/nguyenkhoavu/.rbenv/versions/2.2.3/lib/ruby/gems/2.2.0/gems/actionpack-4.2.4/lib/action_dispatch/middleware/templates/rescues/_trace.html.erb (3.3ms)
  Rendered /Users/nguyenkhoavu/.rbenv/versions/2.2.3/lib/ruby/gems/2.2.0/gems/actionpack-4.2.4/lib/action_dispatch/middleware/templates/rescues/_request_and_response.html.erb (1.0ms)
  Rendered /Users/nguyenkhoavu/.rbenv/versions/2.2.3/lib/ruby/gems/2.2.0/gems/actionpack-4.2.4/lib/action_dispatch/middleware/templates/rescues/template_error.html.erb within rescues/layout (75.4ms)
  Rendered /Users/nguyenkhoavu/.rbenv/versions/2.2.3/lib/ruby/gems/2.2.0/gems/web-console-2.2.1/lib/web_console/templates/_markup.html.erb (0.6ms)
  Rendered /Users/nguyenkhoavu/.rbenv/versions/2.2.3/lib/ruby/gems/2.2.0/gems/web-console-2.2.1/lib/web_console/templates/_inner_console_markup.html.erb within layouts/inlined_string (0.3ms)
  Rendered /Users/nguyenkhoavu/.rbenv/versions/2.2.3/lib/ruby/gems/2.2.0/gems/web-console-2.2.1/lib/web_console/templates/_prompt_box_markup.html.erb within layouts/inlined_string (0.4ms)
  Rendered /Users/nguyenkhoavu/.rbenv/versions/2.2.3/lib/ruby/gems/2.2.0/gems/web-console-2.2.1/lib/web_console/templates/style.css.erb within layouts/inlined_string (0.8ms)
  Rendered /Users/nguyenkhoavu/.rbenv/versions/2.2.3/lib/ruby/gems/2.2.0/gems/web-console-2.2.1/lib/web_console/templates/console.js.erb within layouts/javascript (56.6ms)
  Rendered /Users/nguyenkhoavu/.rbenv/versions/2.2.3/lib/ruby/gems/2.2.0/gems/web-console-2.2.1/lib/web_console/templates/main.js.erb within layouts/javascript (0.3ms)
  Rendered /Users/nguyenkhoavu/.rbenv/versions/2.2.3/lib/ruby/gems/2.2.0/gems/web-console-2.2.1/lib/web_console/templates/error_page.js.erb within layouts/javascript (0.5ms)
  Rendered /Users/nguyenkhoavu/.rbenv/versions/2.2.3/lib/ruby/gems/2.2.0/gems/web-console-2.2.1/lib/web_console/templates/index.html.erb (124.7ms)
Processing by HomeController#index as HTML
  Rendered home/index.html.erb within layouts/application (1.0ms)
  [1m[35mMtxUser Load (0.2ms)[0m  SELECT  `mtx_user`.* FROM `mtx_user` WHERE `mtx_user`.`id` IS NULL LIMIT 1
  [1m[36mCACHE (0.0ms)[0m  [1mSELECT  `mtx_user`.* FROM `mtx_user` WHERE `mtx_user`.`id` IS NULL LIMIT 1[0m
  [1m[35mCACHE (0.0ms)[0m  SELECT  `mtx_user`.* FROM `mtx_user` WHERE `mtx_user`.`id` IS NULL LIMIT 1
  Rendered layouts/_header.html.erb (4.1ms)
Completed 500 Internal Server Error in 128ms (ActiveRecord: 0.3ms)
  Rendered /Users/nguyenkhoavu/.rbenv/versions/2.2.3/lib/ruby/gems/2.2.0/gems/actionpack-4.2.4/lib/action_dispatch/middleware/templates/rescues/_source.erb (7.5ms)
  Rendered /Users/nguyenkhoavu/.rbenv/versions/2.2.3/lib/ruby/gems/2.2.0/gems/actionpack-4.2.4/lib/action_dispatch/middleware/templates/rescues/_trace.html.erb (3.1ms)
  Rendered /Users/nguyenkhoavu/.rbenv/versions/2.2.3/lib/ruby/gems/2.2.0/gems/actionpack-4.2.4/lib/action_dispatch/middleware/templates/rescues/_request_and_response.html.erb (0.9ms)
  Rendered /Users/nguyenkhoavu/.rbenv/versions/2.2.3/lib/ruby/gems/2.2.0/gems/actionpack-4.2.4/lib/action_dispatch/middleware/templates/rescues/template_error.html.erb within rescues/layout (74.3ms)
  Rendered /Users/nguyenkhoavu/.rbenv/versions/2.2.3/lib/ruby/gems/2.2.0/gems/web-console-2.2.1/lib/web_console/templates/_markup.html.erb (0.4ms)
  Rendered /Users/nguyenkhoavu/.rbenv/versions/2.2.3/lib/ruby/gems/2.2.0/gems/web-console-2.2.1/lib/web_console/templates/_inner_console_markup.html.erb within layouts/inlined_string (0.3ms)
  Rendered /Users/nguyenkhoavu/.rbenv/versions/2.2.3/lib/ruby/gems/2.2.0/gems/web-console-2.2.1/lib/web_console/templates/_prompt_box_markup.html.erb within layouts/inlined_string (0.5ms)
  Rendered /Users/nguyenkhoavu/.rbenv/versions/2.2.3/lib/ruby/gems/2.2.0/gems/web-console-2.2.1/lib/web_console/templates/style.css.erb within layouts/inlined_string (0.2ms)
  Rendered /Users/nguyenkhoavu/.rbenv/versions/2.2.3/lib/ruby/gems/2.2.0/gems/web-console-2.2.1/lib/web_console/templates/console.js.erb within layouts/javascript (57.5ms)
  Rendered /Users/nguyenkhoavu/.rbenv/versions/2.2.3/lib/ruby/gems/2.2.0/gems/web-console-2.2.1/lib/web_console/templates/main.js.erb within layouts/javascript (0.2ms)
  Rendered /Users/nguyenkhoavu/.rbenv/versions/2.2.3/lib/ruby/gems/2.2.0/gems/web-console-2.2.1/lib/web_console/templates/error_page.js.erb within layouts/javascript (0.4ms)
  Rendered /Users/nguyenkhoavu/.rbenv/versions/2.2.3/lib/ruby/gems/2.2.0/gems/web-console-2.2.1/lib/web_console/templates/index.html.erb (127.7ms)
Processing by HomeController#index as HTML
  Rendered home/index.html.erb within layouts/application (0.8ms)
  [1m[36mMtxUser Load (0.2ms)[0m  [1mSELECT  `mtx_user`.* FROM `mtx_user` WHERE `mtx_user`.`id` IS NULL LIMIT 1[0m
  [1m[35mCACHE (0.0ms)[0m  SELECT  `mtx_user`.* FROM `mtx_user` WHERE `mtx_user`.`id` IS NULL LIMIT 1
  [1m[36mCACHE (0.0ms)[0m  [1mSELECT  `mtx_user`.* FROM `mtx_user` WHERE `mtx_user`.`id` IS NULL LIMIT 1[0m
  Rendered layouts/_header.html.erb (4.7ms)
Completed 500 Internal Server Error in 137ms (ActiveRecord: 0.3ms)
  Rendered /Users/nguyenkhoavu/.rbenv/versions/2.2.3/lib/ruby/gems/2.2.0/gems/actionpack-4.2.4/lib/action_dispatch/middleware/templates/rescues/_source.erb (11.9ms)
  Rendered /Users/nguyenkhoavu/.rbenv/versions/2.2.3/lib/ruby/gems/2.2.0/gems/actionpack-4.2.4/lib/action_dispatch/middleware/templates/rescues/_trace.html.erb (2.8ms)
  Rendered /Users/nguyenkhoavu/.rbenv/versions/2.2.3/lib/ruby/gems/2.2.0/gems/actionpack-4.2.4/lib/action_dispatch/middleware/templates/rescues/_request_and_response.html.erb (0.8ms)
  Rendered /Users/nguyenkhoavu/.rbenv/versions/2.2.3/lib/ruby/gems/2.2.0/gems/actionpack-4.2.4/lib/action_dispatch/middleware/templates/rescues/template_error.html.erb within rescues/layout (71.7ms)
  Rendered /Users/nguyenkhoavu/.rbenv/versions/2.2.3/lib/ruby/gems/2.2.0/gems/web-console-2.2.1/lib/web_console/templates/_markup.html.erb (0.2ms)
  Rendered /Users/nguyenkhoavu/.rbenv/versions/2.2.3/lib/ruby/gems/2.2.0/gems/web-console-2.2.1/lib/web_console/templates/_inner_console_markup.html.erb within layouts/inlined_string (0.3ms)
  Rendered /Users/nguyenkhoavu/.rbenv/versions/2.2.3/lib/ruby/gems/2.2.0/gems/web-console-2.2.1/lib/web_console/templates/_prompt_box_markup.html.erb within layouts/inlined_string (0.2ms)
  Rendered /Users/nguyenkhoavu/.rbenv/versions/2.2.3/lib/ruby/gems/2.2.0/gems/web-console-2.2.1/lib/web_console/templates/style.css.erb within layouts/inlined_string (0.3ms)
  Rendered /Users/nguyenkhoavu/.rbenv/versions/2.2.3/lib/ruby/gems/2.2.0/gems/web-console-2.2.1/lib/web_console/templates/console.js.erb within layouts/javascript (51.4ms)
  Rendered /Users/nguyenkhoavu/.rbenv/versions/2.2.3/lib/ruby/gems/2.2.0/gems/web-console-2.2.1/lib/web_console/templates/main.js.erb within layouts/javascript (0.2ms)
  Rendered /Users/nguyenkhoavu/.rbenv/versions/2.2.3/lib/ruby/gems/2.2.0/gems/web-console-2.2.1/lib/web_console/templates/error_page.js.erb within layouts/javascript (0.3ms)
  Rendered /Users/nguyenkhoavu/.rbenv/versions/2.2.3/lib/ruby/gems/2.2.0/gems/web-console-2.2.1/lib/web_console/templates/index.html.erb (117.3ms)
Processing by HomeController#index as HTML
  Rendered home/index.html.erb within layouts/application (0.8ms)
  [1m[35mMtxUser Load (0.2ms)[0m  SELECT  `mtx_user`.* FROM `mtx_user` WHERE `mtx_user`.`id` IS NULL LIMIT 1
  [1m[36mCACHE (0.0ms)[0m  [1mSELECT  `mtx_user`.* FROM `mtx_user` WHERE `mtx_user`.`id` IS NULL LIMIT 1[0m
  [1m[35mCACHE (0.0ms)[0m  SELECT  `mtx_user`.* FROM `mtx_user` WHERE `mtx_user`.`id` IS NULL LIMIT 1
  Rendered layouts/_header.html.erb (4.5ms)
Completed 500 Internal Server Error in 135ms (ActiveRecord: 0.3ms)
  Rendered /Users/nguyenkhoavu/.rbenv/versions/2.2.3/lib/ruby/gems/2.2.0/gems/actionpack-4.2.4/lib/action_dispatch/middleware/templates/rescues/_source.erb (7.5ms)
  Rendered /Users/nguyenkhoavu/.rbenv/versions/2.2.3/lib/ruby/gems/2.2.0/gems/actionpack-4.2.4/lib/action_dispatch/middleware/templates/rescues/_trace.html.erb (2.9ms)
  Rendered /Users/nguyenkhoavu/.rbenv/versions/2.2.3/lib/ruby/gems/2.2.0/gems/actionpack-4.2.4/lib/action_dispatch/middleware/templates/rescues/_request_and_response.html.erb (1.2ms)
  Rendered /Users/nguyenkhoavu/.rbenv/versions/2.2.3/lib/ruby/gems/2.2.0/gems/actionpack-4.2.4/lib/action_dispatch/middleware/templates/rescues/template_error.html.erb within rescues/layout (68.1ms)
  Rendered /Users/nguyenkhoavu/.rbenv/versions/2.2.3/lib/ruby/gems/2.2.0/gems/web-console-2.2.1/lib/web_console/templates/_markup.html.erb (0.3ms)
  Rendered /Users/nguyenkhoavu/.rbenv/versions/2.2.3/lib/ruby/gems/2.2.0/gems/web-console-2.2.1/lib/web_console/templates/_inner_console_markup.html.erb within layouts/inlined_string (0.2ms)
  Rendered /Users/nguyenkhoavu/.rbenv/versions/2.2.3/lib/ruby/gems/2.2.0/gems/web-console-2.2.1/lib/web_console/templates/_prompt_box_markup.html.erb within layouts/inlined_string (0.2ms)
  Rendered /Users/nguyenkhoavu/.rbenv/versions/2.2.3/lib/ruby/gems/2.2.0/gems/web-console-2.2.1/lib/web_console/templates/style.css.erb within layouts/inlined_string (0.2ms)
  Rendered /Users/nguyenkhoavu/.rbenv/versions/2.2.3/lib/ruby/gems/2.2.0/gems/web-console-2.2.1/lib/web_console/templates/console.js.erb within layouts/javascript (51.5ms)
  Rendered /Users/nguyenkhoavu/.rbenv/versions/2.2.3/lib/ruby/gems/2.2.0/gems/web-console-2.2.1/lib/web_console/templates/main.js.erb within layouts/javascript (0.2ms)
  Rendered /Users/nguyenkhoavu/.rbenv/versions/2.2.3/lib/ruby/gems/2.2.0/gems/web-console-2.2.1/lib/web_console/templates/error_page.js.erb within layouts/javascript (0.3ms)
  Rendered /Users/nguyenkhoavu/.rbenv/versions/2.2.3/lib/ruby/gems/2.2.0/gems/web-console-2.2.1/lib/web_console/templates/index.html.erb (115.2ms)
Processing by HomeController#index as HTML
  Rendered home/index.html.erb within layouts/application (0.8ms)
  [1m[36mMtxUser Load (0.2ms)[0m  [1mSELECT  `mtx_user`.* FROM `mtx_user` WHERE `mtx_user`.`id` IS NULL LIMIT 1[0m
  [1m[35mCACHE (0.0ms)[0m  SELECT  `mtx_user`.* FROM `mtx_user` WHERE `mtx_user`.`id` IS NULL LIMIT 1
  [1m[36mCACHE (0.0ms)[0m  [1mSELECT  `mtx_user`.* FROM `mtx_user` WHERE `mtx_user`.`id` IS NULL LIMIT 1[0m
  Rendered layouts/_header.html.erb (4.3ms)
Completed 500 Internal Server Error in 149ms (ActiveRecord: 0.3ms)
  Rendered /Users/nguyenkhoavu/.rbenv/versions/2.2.3/lib/ruby/gems/2.2.0/gems/actionpack-4.2.4/lib/action_dispatch/middleware/templates/rescues/_source.erb (8.4ms)
  Rendered /Users/nguyenkhoavu/.rbenv/versions/2.2.3/lib/ruby/gems/2.2.0/gems/actionpack-4.2.4/lib/action_dispatch/middleware/templates/rescues/_trace.html.erb (3.0ms)
  Rendered /Users/nguyenkhoavu/.rbenv/versions/2.2.3/lib/ruby/gems/2.2.0/gems/actionpack-4.2.4/lib/action_dispatch/middleware/templates/rescues/_request_and_response.html.erb (0.9ms)
  Rendered /Users/nguyenkhoavu/.rbenv/versions/2.2.3/lib/ruby/gems/2.2.0/gems/actionpack-4.2.4/lib/action_dispatch/middleware/templates/rescues/template_error.html.erb within rescues/layout (75.5ms)
  Rendered /Users/nguyenkhoavu/.rbenv/versions/2.2.3/lib/ruby/gems/2.2.0/gems/web-console-2.2.1/lib/web_console/templates/_markup.html.erb (0.2ms)
  Rendered /Users/nguyenkhoavu/.rbenv/versions/2.2.3/lib/ruby/gems/2.2.0/gems/web-console-2.2.1/lib/web_console/templates/_inner_console_markup.html.erb within layouts/inlined_string (0.3ms)
  Rendered /Users/nguyenkhoavu/.rbenv/versions/2.2.3/lib/ruby/gems/2.2.0/gems/web-console-2.2.1/lib/web_console/templates/_prompt_box_markup.html.erb within layouts/inlined_string (0.3ms)
  Rendered /Users/nguyenkhoavu/.rbenv/versions/2.2.3/lib/ruby/gems/2.2.0/gems/web-console-2.2.1/lib/web_console/templates/style.css.erb within layouts/inlined_string (0.4ms)
  Rendered /Users/nguyenkhoavu/.rbenv/versions/2.2.3/lib/ruby/gems/2.2.0/gems/web-console-2.2.1/lib/web_console/templates/console.js.erb within layouts/javascript (53.6ms)
  Rendered /Users/nguyenkhoavu/.rbenv/versions/2.2.3/lib/ruby/gems/2.2.0/gems/web-console-2.2.1/lib/web_console/templates/main.js.erb within layouts/javascript (0.3ms)
  Rendered /Users/nguyenkhoavu/.rbenv/versions/2.2.3/lib/ruby/gems/2.2.0/gems/web-console-2.2.1/lib/web_console/templates/error_page.js.erb within layouts/javascript (0.6ms)
  Rendered /Users/nguyenkhoavu/.rbenv/versions/2.2.3/lib/ruby/gems/2.2.0/gems/web-console-2.2.1/lib/web_console/templates/index.html.erb (118.8ms)
Processing by HomeController#index as HTML
  Rendered home/index.html.erb within layouts/application (9.3ms)
  [1m[36mMtxUser Load (0.4ms)[0m  [1mSELECT  `mtx_user`.* FROM `mtx_user` WHERE `mtx_user`.`id` IS NULL LIMIT 1[0m
  [1m[35mCACHE (0.0ms)[0m  SELECT  `mtx_user`.* FROM `mtx_user` WHERE `mtx_user`.`id` IS NULL LIMIT 1
  [1m[36mCACHE (0.0ms)[0m  [1mSELECT  `mtx_user`.* FROM `mtx_user` WHERE `mtx_user`.`id` IS NULL LIMIT 1[0m
  Rendered layouts/_header.html.erb (127.9ms)
  Rendered layouts/_footer.html.erb (0.6ms)
Completed 200 OK in 804ms (Views: 705.5ms | ActiveRecord: 32.9ms)
Processing by HomeController#index as HTML
  Rendered home/index.html.erb within layouts/application (1.2ms)
  [1m[35mMtxUser Load (0.2ms)[0m  SELECT  `mtx_user`.* FROM `mtx_user` WHERE `mtx_user`.`id` IS NULL LIMIT 1
  [1m[36mCACHE (0.0ms)[0m  [1mSELECT  `mtx_user`.* FROM `mtx_user` WHERE `mtx_user`.`id` IS NULL LIMIT 1[0m
  [1m[35mCACHE (0.0ms)[0m  SELECT  `mtx_user`.* FROM `mtx_user` WHERE `mtx_user`.`id` IS NULL LIMIT 1
  Rendered layouts/_header.html.erb (2.4ms)
  Rendered layouts/_footer.html.erb (0.0ms)
Completed 200 OK in 177ms (Views: 175.6ms | ActiveRecord: 0.3ms)
  Rendered /Users/nguyenkhoavu/.rbenv/versions/2.2.3/lib/ruby/gems/2.2.0/gems/actionpack-4.2.4/lib/action_dispatch/middleware/templates/rescues/unknown_action.html.erb within rescues/layout (0.4ms)
  Rendered /Users/nguyenkhoavu/.rbenv/versions/2.2.3/lib/ruby/gems/2.2.0/gems/web-console-2.2.1/lib/web_console/templates/_markup.html.erb (0.5ms)
  Rendered /Users/nguyenkhoavu/.rbenv/versions/2.2.3/lib/ruby/gems/2.2.0/gems/web-console-2.2.1/lib/web_console/templates/_inner_console_markup.html.erb within layouts/inlined_string (0.3ms)
  Rendered /Users/nguyenkhoavu/.rbenv/versions/2.2.3/lib/ruby/gems/2.2.0/gems/web-console-2.2.1/lib/web_console/templates/_prompt_box_markup.html.erb within layouts/inlined_string (0.2ms)
  Rendered /Users/nguyenkhoavu/.rbenv/versions/2.2.3/lib/ruby/gems/2.2.0/gems/web-console-2.2.1/lib/web_console/templates/style.css.erb within layouts/inlined_string (0.3ms)
  Rendered /Users/nguyenkhoavu/.rbenv/versions/2.2.3/lib/ruby/gems/2.2.0/gems/web-console-2.2.1/lib/web_console/templates/console.js.erb within layouts/javascript (51.2ms)
  Rendered /Users/nguyenkhoavu/.rbenv/versions/2.2.3/lib/ruby/gems/2.2.0/gems/web-console-2.2.1/lib/web_console/templates/main.js.erb within layouts/javascript (0.3ms)
  Rendered /Users/nguyenkhoavu/.rbenv/versions/2.2.3/lib/ruby/gems/2.2.0/gems/web-console-2.2.1/lib/web_console/templates/error_page.js.erb within layouts/javascript (0.3ms)
  Rendered /Users/nguyenkhoavu/.rbenv/versions/2.2.3/lib/ruby/gems/2.2.0/gems/web-console-2.2.1/lib/web_console/templates/index.html.erb (125.1ms)
Processing by PlaceOrdersController#index as HTML
  [1m[36mMtxWeeklyMenu Load (17.4ms)[0m  [1mSELECT  `mtx_weekly_menu`.* FROM `mtx_weekly_menu` WHERE `mtx_weekly_menu`.`id` = 1 LIMIT 1[0m
  [1m[35mMtxWeeklyMenuDetail Load (45.9ms)[0m  SELECT `mtx_weekly_menu_detail`.* FROM `mtx_weekly_menu_detail` WHERE `mtx_weekly_menu_detail`.`weekly_menu_id` = 1
  [1m[36mMtxProduct Load (0.3ms)[0m  [1mSELECT  `mtx_product`.* FROM `mtx_product` WHERE `mtx_product`.`id` = 1 LIMIT 1[0m
  [1m[35mMtxProductLanguage Load (8.2ms)[0m  SELECT  `mtx_product_language`.* FROM `mtx_product_language` WHERE `mtx_product_language`.`product_id` = 1  ORDER BY `mtx_product_language`.`id` ASC LIMIT 1
  [1m[36mMtxProduct Load (0.2ms)[0m  [1mSELECT  `mtx_product`.* FROM `mtx_product` WHERE `mtx_product`.`id` = 2 LIMIT 1[0m
  [1m[35mMtxProductLanguage Load (0.2ms)[0m  SELECT  `mtx_product_language`.* FROM `mtx_product_language` WHERE `mtx_product_language`.`product_id` = 2  ORDER BY `mtx_product_language`.`id` ASC LIMIT 1
  [1m[36mMtxProduct Load (0.2ms)[0m  [1mSELECT  `mtx_product`.* FROM `mtx_product` WHERE `mtx_product`.`id` = 4 LIMIT 1[0m
  [1m[35mMtxProductLanguage Load (0.2ms)[0m  SELECT  `mtx_product_language`.* FROM `mtx_product_language` WHERE `mtx_product_language`.`product_id` = 4  ORDER BY `mtx_product_language`.`id` ASC LIMIT 1
  Rendered place_orders/index.html.erb within layouts/application (118.6ms)
  [1m[36mMtxUser Load (0.3ms)[0m  [1mSELECT  `mtx_user`.* FROM `mtx_user` WHERE `mtx_user`.`id` IS NULL LIMIT 1[0m
  [1m[35mCACHE (0.0ms)[0m  SELECT  `mtx_user`.* FROM `mtx_user` WHERE `mtx_user`.`id` IS NULL LIMIT 1
  Rendered layouts/_header.html.erb (9.4ms)
Completed 500 Internal Server Error in 402ms (ActiveRecord: 143.0ms)
  Rendered /Users/nguyenkhoavu/.rbenv/versions/2.2.3/lib/ruby/gems/2.2.0/gems/actionpack-4.2.4/lib/action_dispatch/middleware/templates/rescues/_source.erb (8.0ms)
  Rendered /Users/nguyenkhoavu/.rbenv/versions/2.2.3/lib/ruby/gems/2.2.0/gems/actionpack-4.2.4/lib/action_dispatch/middleware/templates/rescues/_trace.html.erb (3.2ms)
  Rendered /Users/nguyenkhoavu/.rbenv/versions/2.2.3/lib/ruby/gems/2.2.0/gems/actionpack-4.2.4/lib/action_dispatch/middleware/templates/rescues/_request_and_response.html.erb (0.9ms)
  Rendered /Users/nguyenkhoavu/.rbenv/versions/2.2.3/lib/ruby/gems/2.2.0/gems/actionpack-4.2.4/lib/action_dispatch/middleware/templates/rescues/template_error.html.erb within rescues/layout (67.7ms)
  Rendered /Users/nguyenkhoavu/.rbenv/versions/2.2.3/lib/ruby/gems/2.2.0/gems/web-console-2.2.1/lib/web_console/templates/_markup.html.erb (0.3ms)
  Rendered /Users/nguyenkhoavu/.rbenv/versions/2.2.3/lib/ruby/gems/2.2.0/gems/web-console-2.2.1/lib/web_console/templates/_inner_console_markup.html.erb within layouts/inlined_string (0.3ms)
  Rendered /Users/nguyenkhoavu/.rbenv/versions/2.2.3/lib/ruby/gems/2.2.0/gems/web-console-2.2.1/lib/web_console/templates/_prompt_box_markup.html.erb within layouts/inlined_string (0.2ms)
  Rendered /Users/nguyenkhoavu/.rbenv/versions/2.2.3/lib/ruby/gems/2.2.0/gems/web-console-2.2.1/lib/web_console/templates/style.css.erb within layouts/inlined_string (0.2ms)
  Rendered /Users/nguyenkhoavu/.rbenv/versions/2.2.3/lib/ruby/gems/2.2.0/gems/web-console-2.2.1/lib/web_console/templates/console.js.erb within layouts/javascript (51.5ms)
  Rendered /Users/nguyenkhoavu/.rbenv/versions/2.2.3/lib/ruby/gems/2.2.0/gems/web-console-2.2.1/lib/web_console/templates/main.js.erb within layouts/javascript (0.2ms)
  Rendered /Users/nguyenkhoavu/.rbenv/versions/2.2.3/lib/ruby/gems/2.2.0/gems/web-console-2.2.1/lib/web_console/templates/error_page.js.erb within layouts/javascript (0.3ms)
  Rendered /Users/nguyenkhoavu/.rbenv/versions/2.2.3/lib/ruby/gems/2.2.0/gems/web-console-2.2.1/lib/web_console/templates/index.html.erb (120.4ms)
  Rendered /Users/nguyenkhoavu/.rbenv/versions/2.2.3/lib/ruby/gems/2.2.0/gems/actionpack-4.2.4/lib/action_dispatch/middleware/templates/rescues/unknown_action.html.erb within rescues/layout (0.4ms)
  Rendered /Users/nguyenkhoavu/.rbenv/versions/2.2.3/lib/ruby/gems/2.2.0/gems/web-console-2.2.1/lib/web_console/templates/_markup.html.erb (0.4ms)
  Rendered /Users/nguyenkhoavu/.rbenv/versions/2.2.3/lib/ruby/gems/2.2.0/gems/web-console-2.2.1/lib/web_console/templates/_inner_console_markup.html.erb within layouts/inlined_string (0.2ms)
  Rendered /Users/nguyenkhoavu/.rbenv/versions/2.2.3/lib/ruby/gems/2.2.0/gems/web-console-2.2.1/lib/web_console/templates/_prompt_box_markup.html.erb within layouts/inlined_string (0.2ms)
  Rendered /Users/nguyenkhoavu/.rbenv/versions/2.2.3/lib/ruby/gems/2.2.0/gems/web-console-2.2.1/lib/web_console/templates/style.css.erb within layouts/inlined_string (0.3ms)
  Rendered /Users/nguyenkhoavu/.rbenv/versions/2.2.3/lib/ruby/gems/2.2.0/gems/web-console-2.2.1/lib/web_console/templates/console.js.erb within layouts/javascript (49.0ms)
  Rendered /Users/nguyenkhoavu/.rbenv/versions/2.2.3/lib/ruby/gems/2.2.0/gems/web-console-2.2.1/lib/web_console/templates/main.js.erb within layouts/javascript (0.2ms)
  Rendered /Users/nguyenkhoavu/.rbenv/versions/2.2.3/lib/ruby/gems/2.2.0/gems/web-console-2.2.1/lib/web_console/templates/error_page.js.erb within layouts/javascript (0.3ms)
  Rendered /Users/nguyenkhoavu/.rbenv/versions/2.2.3/lib/ruby/gems/2.2.0/gems/web-console-2.2.1/lib/web_console/templates/index.html.erb (116.4ms)
Processing by HomeController#index as HTML
  Rendered home/index.html.erb within layouts/application (0.8ms)
  [1m[36mMtxUser Load (0.4ms)[0m  [1mSELECT  `mtx_user`.* FROM `mtx_user` WHERE `mtx_user`.`id` IS NULL LIMIT 1[0m
  [1m[35mCACHE (0.0ms)[0m  SELECT  `mtx_user`.* FROM `mtx_user` WHERE `mtx_user`.`id` IS NULL LIMIT 1
  [1m[36mCACHE (0.0ms)[0m  [1mSELECT  `mtx_user`.* FROM `mtx_user` WHERE `mtx_user`.`id` IS NULL LIMIT 1[0m
  Rendered layouts/_header.html.erb (4.5ms)
  Rendered layouts/_footer.html.erb (0.1ms)
Completed 200 OK in 148ms (Views: 147.4ms | ActiveRecord: 0.5ms)
Processing by HomeController#index as HTML
  Rendered home/index.html.erb within layouts/application (0.8ms)
  [1m[35mMtxUser Load (0.3ms)[0m  SELECT  `mtx_user`.* FROM `mtx_user` WHERE `mtx_user`.`id` IS NULL LIMIT 1
  [1m[36mCACHE (0.0ms)[0m  [1mSELECT  `mtx_user`.* FROM `mtx_user` WHERE `mtx_user`.`id` IS NULL LIMIT 1[0m
  [1m[35mCACHE (0.0ms)[0m  SELECT  `mtx_user`.* FROM `mtx_user` WHERE `mtx_user`.`id` IS NULL LIMIT 1
  Rendered layouts/_header.html.erb (2.1ms)
  Rendered layouts/_footer.html.erb (0.0ms)
Completed 200 OK in 167ms (Views: 166.5ms | ActiveRecord: 0.3ms)
Processing by HomeController#index as HTML
  Rendered home/index.html.erb within layouts/application (0.9ms)
  [1m[36mMtxUser Load (0.3ms)[0m  [1mSELECT  `mtx_user`.* FROM `mtx_user` WHERE `mtx_user`.`id` IS NULL LIMIT 1[0m
  [1m[35mCACHE (0.0ms)[0m  SELECT  `mtx_user`.* FROM `mtx_user` WHERE `mtx_user`.`id` IS NULL LIMIT 1
  [1m[36mCACHE (0.0ms)[0m  [1mSELECT  `mtx_user`.* FROM `mtx_user` WHERE `mtx_user`.`id` IS NULL LIMIT 1[0m
  Rendered layouts/_header.html.erb (2.0ms)
  Rendered layouts/_footer.html.erb (0.0ms)
Completed 200 OK in 140ms (Views: 139.7ms | ActiveRecord: 0.3ms)
  Rendered /Users/nguyenkhoavu/.rbenv/versions/2.2.3/lib/ruby/gems/2.2.0/gems/actionpack-4.2.4/lib/action_dispatch/middleware/templates/rescues/unknown_action.html.erb within rescues/layout (0.4ms)
  Rendered /Users/nguyenkhoavu/.rbenv/versions/2.2.3/lib/ruby/gems/2.2.0/gems/web-console-2.2.1/lib/web_console/templates/_markup.html.erb (0.5ms)
  Rendered /Users/nguyenkhoavu/.rbenv/versions/2.2.3/lib/ruby/gems/2.2.0/gems/web-console-2.2.1/lib/web_console/templates/_inner_console_markup.html.erb within layouts/inlined_string (0.4ms)
  Rendered /Users/nguyenkhoavu/.rbenv/versions/2.2.3/lib/ruby/gems/2.2.0/gems/web-console-2.2.1/lib/web_console/templates/_prompt_box_markup.html.erb within layouts/inlined_string (0.2ms)
  Rendered /Users/nguyenkhoavu/.rbenv/versions/2.2.3/lib/ruby/gems/2.2.0/gems/web-console-2.2.1/lib/web_console/templates/style.css.erb within layouts/inlined_string (0.4ms)
  Rendered /Users/nguyenkhoavu/.rbenv/versions/2.2.3/lib/ruby/gems/2.2.0/gems/web-console-2.2.1/lib/web_console/templates/console.js.erb within layouts/javascript (55.9ms)
  Rendered /Users/nguyenkhoavu/.rbenv/versions/2.2.3/lib/ruby/gems/2.2.0/gems/web-console-2.2.1/lib/web_console/templates/main.js.erb within layouts/javascript (0.3ms)
  Rendered /Users/nguyenkhoavu/.rbenv/versions/2.2.3/lib/ruby/gems/2.2.0/gems/web-console-2.2.1/lib/web_console/templates/error_page.js.erb within layouts/javascript (0.3ms)
  Rendered /Users/nguyenkhoavu/.rbenv/versions/2.2.3/lib/ruby/gems/2.2.0/gems/web-console-2.2.1/lib/web_console/templates/index.html.erb (124.6ms)
Processing by PlaceOrdersController#index as HTML
  [1m[35mMtxWeeklyMenu Load (0.3ms)[0m  SELECT  `mtx_weekly_menu`.* FROM `mtx_weekly_menu` WHERE `mtx_weekly_menu`.`id` = 1 LIMIT 1
  [1m[36mMtxWeeklyMenuDetail Load (0.3ms)[0m  [1mSELECT `mtx_weekly_menu_detail`.* FROM `mtx_weekly_menu_detail` WHERE `mtx_weekly_menu_detail`.`weekly_menu_id` = 1[0m
  [1m[35mMtxProduct Load (0.2ms)[0m  SELECT  `mtx_product`.* FROM `mtx_product` WHERE `mtx_product`.`id` = 1 LIMIT 1
  [1m[36mMtxProductLanguage Load (0.2ms)[0m  [1mSELECT  `mtx_product_language`.* FROM `mtx_product_language` WHERE `mtx_product_language`.`product_id` = 1  ORDER BY `mtx_product_language`.`id` ASC LIMIT 1[0m
  [1m[35mMtxProduct Load (0.1ms)[0m  SELECT  `mtx_product`.* FROM `mtx_product` WHERE `mtx_product`.`id` = 2 LIMIT 1
  [1m[36mMtxProductLanguage Load (0.2ms)[0m  [1mSELECT  `mtx_product_language`.* FROM `mtx_product_language` WHERE `mtx_product_language`.`product_id` = 2  ORDER BY `mtx_product_language`.`id` ASC LIMIT 1[0m
  [1m[35mMtxProduct Load (0.2ms)[0m  SELECT  `mtx_product`.* FROM `mtx_product` WHERE `mtx_product`.`id` = 4 LIMIT 1
  [1m[36mMtxProductLanguage Load (0.2ms)[0m  [1mSELECT  `mtx_product_language`.* FROM `mtx_product_language` WHERE `mtx_product_language`.`product_id` = 4  ORDER BY `mtx_product_language`.`id` ASC LIMIT 1[0m
  Rendered place_orders/index.html.erb within layouts/application (5.6ms)
  [1m[35mMtxUser Load (0.3ms)[0m  SELECT  `mtx_user`.* FROM `mtx_user` WHERE `mtx_user`.`id` IS NULL LIMIT 1
  [1m[36mCACHE (0.0ms)[0m  [1mSELECT  `mtx_user`.* FROM `mtx_user` WHERE `mtx_user`.`id` IS NULL LIMIT 1[0m
  Rendered layouts/_header.html.erb (11.8ms)
Completed 500 Internal Server Error in 343ms (ActiveRecord: 1.8ms)
  Rendered /Users/nguyenkhoavu/.rbenv/versions/2.2.3/lib/ruby/gems/2.2.0/gems/actionpack-4.2.4/lib/action_dispatch/middleware/templates/rescues/_source.erb (7.9ms)
  Rendered /Users/nguyenkhoavu/.rbenv/versions/2.2.3/lib/ruby/gems/2.2.0/gems/actionpack-4.2.4/lib/action_dispatch/middleware/templates/rescues/_trace.html.erb (2.9ms)
  Rendered /Users/nguyenkhoavu/.rbenv/versions/2.2.3/lib/ruby/gems/2.2.0/gems/actionpack-4.2.4/lib/action_dispatch/middleware/templates/rescues/_request_and_response.html.erb (1.4ms)
  Rendered /Users/nguyenkhoavu/.rbenv/versions/2.2.3/lib/ruby/gems/2.2.0/gems/actionpack-4.2.4/lib/action_dispatch/middleware/templates/rescues/template_error.html.erb within rescues/layout (66.7ms)
  Rendered /Users/nguyenkhoavu/.rbenv/versions/2.2.3/lib/ruby/gems/2.2.0/gems/web-console-2.2.1/lib/web_console/templates/_markup.html.erb (0.4ms)
  Rendered /Users/nguyenkhoavu/.rbenv/versions/2.2.3/lib/ruby/gems/2.2.0/gems/web-console-2.2.1/lib/web_console/templates/_inner_console_markup.html.erb within layouts/inlined_string (0.3ms)
  Rendered /Users/nguyenkhoavu/.rbenv/versions/2.2.3/lib/ruby/gems/2.2.0/gems/web-console-2.2.1/lib/web_console/templates/_prompt_box_markup.html.erb within layouts/inlined_string (0.4ms)
  Rendered /Users/nguyenkhoavu/.rbenv/versions/2.2.3/lib/ruby/gems/2.2.0/gems/web-console-2.2.1/lib/web_console/templates/style.css.erb within layouts/inlined_string (0.3ms)
  Rendered /Users/nguyenkhoavu/.rbenv/versions/2.2.3/lib/ruby/gems/2.2.0/gems/web-console-2.2.1/lib/web_console/templates/console.js.erb within layouts/javascript (57.5ms)
  Rendered /Users/nguyenkhoavu/.rbenv/versions/2.2.3/lib/ruby/gems/2.2.0/gems/web-console-2.2.1/lib/web_console/templates/main.js.erb within layouts/javascript (0.3ms)
  Rendered /Users/nguyenkhoavu/.rbenv/versions/2.2.3/lib/ruby/gems/2.2.0/gems/web-console-2.2.1/lib/web_console/templates/error_page.js.erb within layouts/javascript (0.3ms)
  Rendered /Users/nguyenkhoavu/.rbenv/versions/2.2.3/lib/ruby/gems/2.2.0/gems/web-console-2.2.1/lib/web_console/templates/index.html.erb (136.4ms)
  Rendered /Users/nguyenkhoavu/.rbenv/versions/2.2.3/lib/ruby/gems/2.2.0/gems/actionpack-4.2.4/lib/action_dispatch/middleware/templates/rescues/unknown_action.html.erb within rescues/layout (0.8ms)
  Rendered /Users/nguyenkhoavu/.rbenv/versions/2.2.3/lib/ruby/gems/2.2.0/gems/web-console-2.2.1/lib/web_console/templates/_markup.html.erb (0.2ms)
  Rendered /Users/nguyenkhoavu/.rbenv/versions/2.2.3/lib/ruby/gems/2.2.0/gems/web-console-2.2.1/lib/web_console/templates/_inner_console_markup.html.erb within layouts/inlined_string (0.2ms)
  Rendered /Users/nguyenkhoavu/.rbenv/versions/2.2.3/lib/ruby/gems/2.2.0/gems/web-console-2.2.1/lib/web_console/templates/_prompt_box_markup.html.erb within layouts/inlined_string (0.2ms)
  Rendered /Users/nguyenkhoavu/.rbenv/versions/2.2.3/lib/ruby/gems/2.2.0/gems/web-console-2.2.1/lib/web_console/templates/style.css.erb within layouts/inlined_string (0.3ms)
  Rendered /Users/nguyenkhoavu/.rbenv/versions/2.2.3/lib/ruby/gems/2.2.0/gems/web-console-2.2.1/lib/web_console/templates/console.js.erb within layouts/javascript (56.5ms)
  Rendered /Users/nguyenkhoavu/.rbenv/versions/2.2.3/lib/ruby/gems/2.2.0/gems/web-console-2.2.1/lib/web_console/templates/main.js.erb within layouts/javascript (0.2ms)
  Rendered /Users/nguyenkhoavu/.rbenv/versions/2.2.3/lib/ruby/gems/2.2.0/gems/web-console-2.2.1/lib/web_console/templates/error_page.js.erb within layouts/javascript (0.3ms)
  Rendered /Users/nguyenkhoavu/.rbenv/versions/2.2.3/lib/ruby/gems/2.2.0/gems/web-console-2.2.1/lib/web_console/templates/index.html.erb (124.0ms)
Processing by HomeController#index as HTML
  Rendered home/index.html.erb within layouts/application (1.0ms)
  [1m[35mMtxUser Load (0.3ms)[0m  SELECT  `mtx_user`.* FROM `mtx_user` WHERE `mtx_user`.`id` IS NULL LIMIT 1
  [1m[36mCACHE (0.0ms)[0m  [1mSELECT  `mtx_user`.* FROM `mtx_user` WHERE `mtx_user`.`id` IS NULL LIMIT 1[0m
  [1m[35mCACHE (0.0ms)[0m  SELECT  `mtx_user`.* FROM `mtx_user` WHERE `mtx_user`.`id` IS NULL LIMIT 1
  Rendered layouts/_header.html.erb (2.8ms)
  Rendered layouts/_footer.html.erb (0.1ms)
Completed 200 OK in 152ms (Views: 150.9ms | ActiveRecord: 0.3ms)
Processing by HomeController#index as HTML
  Rendered home/index.html.erb within layouts/application (1.1ms)
  [1m[36mMtxUser Load (0.3ms)[0m  [1mSELECT  `mtx_user`.* FROM `mtx_user` WHERE `mtx_user`.`id` IS NULL LIMIT 1[0m
  [1m[35mCACHE (0.0ms)[0m  SELECT  `mtx_user`.* FROM `mtx_user` WHERE `mtx_user`.`id` IS NULL LIMIT 1
  [1m[36mCACHE (0.0ms)[0m  [1mSELECT  `mtx_user`.* FROM `mtx_user` WHERE `mtx_user`.`id` IS NULL LIMIT 1[0m
  Rendered layouts/_header.html.erb (1.9ms)
  Rendered layouts/_footer.html.erb (0.0ms)
Completed 200 OK in 148ms (Views: 147.6ms | ActiveRecord: 0.3ms)
Processing by MtxUserController#sign_in as HTML
  Parameters: {"locale"=>"en"}
  Rendered mtx_user/sign_in.html.erb within layouts/admin (1.2ms)
Completed 200 OK in 64ms (Views: 63.2ms | ActiveRecord: 0.0ms)
Processing by MtxUserController#sign_in as HTML
  Parameters: {"locale"=>"en"}
  Rendered mtx_user/sign_in.html.erb within layouts/admin (1.4ms)
Completed 200 OK in 76ms (Views: 75.9ms | ActiveRecord: 0.0ms)
Processing by MtxUserController#process_login as HTML
  Parameters: {"utf8"=>"✓", "authenticity_token"=>"HtAJrE/+jog+btuCdM2zQGMSHNpt+/Y/o85SjEtYvnsGe6y0y1qoBvkK16NQEyDWzfx9e4rfdo96jNRnamclJg==", "username"=>"username", "password"=>"[FILTERED]", "commit"=>"Log In", "locale"=>"en"}
  [1m[35mMtxUser Load (21.7ms)[0m  SELECT  `mtx_user`.* FROM `mtx_user` WHERE `mtx_user`.`username` = 'username' AND `mtx_user`.`password` = '123456' LIMIT 1
Redirected to http://localhost:3000/en
Completed 302 Found in 24ms (ActiveRecord: 21.7ms)
Processing by HomeController#index as HTML
  Parameters: {"locale"=>"en"}
  Rendered home/index.html.erb within layouts/application (0.9ms)
  [1m[36mMtxUser Load (0.3ms)[0m  [1mSELECT  `mtx_user`.* FROM `mtx_user` WHERE `mtx_user`.`id` = 1 LIMIT 1[0m
  [1m[35mCACHE (0.0ms)[0m  SELECT  `mtx_user`.* FROM `mtx_user` WHERE `mtx_user`.`id` = 1 LIMIT 1  [["id", 1]]
  Rendered layouts/_header.html.erb (2.4ms)
  Rendered layouts/_footer.html.erb (0.0ms)
Completed 200 OK in 141ms (Views: 139.8ms | ActiveRecord: 0.3ms)
Processing by HomeController#index as HTML
  Rendered home/index.html.erb within layouts/application (0.8ms)
  [1m[36mMtxUser Load (0.3ms)[0m  [1mSELECT  `mtx_user`.* FROM `mtx_user` WHERE `mtx_user`.`id` = 1 LIMIT 1[0m
  [1m[35mCACHE (0.0ms)[0m  SELECT  `mtx_user`.* FROM `mtx_user` WHERE `mtx_user`.`id` = 1 LIMIT 1  [["id", 1]]
  Rendered layouts/_header.html.erb (2.0ms)
  Rendered layouts/_footer.html.erb (0.0ms)
Completed 200 OK in 129ms (Views: 128.5ms | ActiveRecord: 0.3ms)
  Rendered /Users/nguyenkhoavu/.rbenv/versions/2.2.3/lib/ruby/gems/2.2.0/gems/actionpack-4.2.4/lib/action_dispatch/middleware/templates/rescues/unknown_action.html.erb within rescues/layout (0.4ms)
  Rendered /Users/nguyenkhoavu/.rbenv/versions/2.2.3/lib/ruby/gems/2.2.0/gems/web-console-2.2.1/lib/web_console/templates/_markup.html.erb (0.3ms)
  Rendered /Users/nguyenkhoavu/.rbenv/versions/2.2.3/lib/ruby/gems/2.2.0/gems/web-console-2.2.1/lib/web_console/templates/_inner_console_markup.html.erb within layouts/inlined_string (0.3ms)
  Rendered /Users/nguyenkhoavu/.rbenv/versions/2.2.3/lib/ruby/gems/2.2.0/gems/web-console-2.2.1/lib/web_console/templates/_prompt_box_markup.html.erb within layouts/inlined_string (0.3ms)
  Rendered /Users/nguyenkhoavu/.rbenv/versions/2.2.3/lib/ruby/gems/2.2.0/gems/web-console-2.2.1/lib/web_console/templates/style.css.erb within layouts/inlined_string (0.3ms)
  Rendered /Users/nguyenkhoavu/.rbenv/versions/2.2.3/lib/ruby/gems/2.2.0/gems/web-console-2.2.1/lib/web_console/templates/console.js.erb within layouts/javascript (52.9ms)
  Rendered /Users/nguyenkhoavu/.rbenv/versions/2.2.3/lib/ruby/gems/2.2.0/gems/web-console-2.2.1/lib/web_console/templates/main.js.erb within layouts/javascript (0.7ms)
  Rendered /Users/nguyenkhoavu/.rbenv/versions/2.2.3/lib/ruby/gems/2.2.0/gems/web-console-2.2.1/lib/web_console/templates/error_page.js.erb within layouts/javascript (0.3ms)
  Rendered /Users/nguyenkhoavu/.rbenv/versions/2.2.3/lib/ruby/gems/2.2.0/gems/web-console-2.2.1/lib/web_console/templates/index.html.erb (121.9ms)
Processing by PlaceOrdersController#index as HTML
  [1m[36mMtxWeeklyMenu Load (0.3ms)[0m  [1mSELECT  `mtx_weekly_menu`.* FROM `mtx_weekly_menu` WHERE `mtx_weekly_menu`.`id` = 1 LIMIT 1[0m
  [1m[35mMtxWeeklyMenuDetail Load (0.3ms)[0m  SELECT `mtx_weekly_menu_detail`.* FROM `mtx_weekly_menu_detail` WHERE `mtx_weekly_menu_detail`.`weekly_menu_id` = 1
  [1m[36mMtxProduct Load (0.2ms)[0m  [1mSELECT  `mtx_product`.* FROM `mtx_product` WHERE `mtx_product`.`id` = 1 LIMIT 1[0m
  [1m[35mMtxProductLanguage Load (0.4ms)[0m  SELECT  `mtx_product_language`.* FROM `mtx_product_language` WHERE `mtx_product_language`.`product_id` = 1  ORDER BY `mtx_product_language`.`id` ASC LIMIT 1
  [1m[36mMtxProduct Load (0.2ms)[0m  [1mSELECT  `mtx_product`.* FROM `mtx_product` WHERE `mtx_product`.`id` = 2 LIMIT 1[0m
  [1m[35mMtxProductLanguage Load (0.2ms)[0m  SELECT  `mtx_product_language`.* FROM `mtx_product_language` WHERE `mtx_product_language`.`product_id` = 2  ORDER BY `mtx_product_language`.`id` ASC LIMIT 1
  [1m[36mMtxProduct Load (0.2ms)[0m  [1mSELECT  `mtx_product`.* FROM `mtx_product` WHERE `mtx_product`.`id` = 4 LIMIT 1[0m
  [1m[35mMtxProductLanguage Load (0.2ms)[0m  SELECT  `mtx_product_language`.* FROM `mtx_product_language` WHERE `mtx_product_language`.`product_id` = 4  ORDER BY `mtx_product_language`.`id` ASC LIMIT 1
  Rendered place_orders/index.html.erb within layouts/application (6.4ms)
  [1m[36mMtxUser Load (0.4ms)[0m  [1mSELECT  `mtx_user`.* FROM `mtx_user` WHERE `mtx_user`.`id` = 1 LIMIT 1[0m
  Rendered layouts/_header.html.erb (9.0ms)
Completed 500 Internal Server Error in 208ms (ActiveRecord: 2.2ms)
  Rendered /Users/nguyenkhoavu/.rbenv/versions/2.2.3/lib/ruby/gems/2.2.0/gems/actionpack-4.2.4/lib/action_dispatch/middleware/templates/rescues/_source.erb (12.1ms)
  Rendered /Users/nguyenkhoavu/.rbenv/versions/2.2.3/lib/ruby/gems/2.2.0/gems/actionpack-4.2.4/lib/action_dispatch/middleware/templates/rescues/_trace.html.erb (2.9ms)
  Rendered /Users/nguyenkhoavu/.rbenv/versions/2.2.3/lib/ruby/gems/2.2.0/gems/actionpack-4.2.4/lib/action_dispatch/middleware/templates/rescues/_request_and_response.html.erb (0.9ms)
  Rendered /Users/nguyenkhoavu/.rbenv/versions/2.2.3/lib/ruby/gems/2.2.0/gems/actionpack-4.2.4/lib/action_dispatch/middleware/templates/rescues/template_error.html.erb within rescues/layout (78.0ms)
  Rendered /Users/nguyenkhoavu/.rbenv/versions/2.2.3/lib/ruby/gems/2.2.0/gems/web-console-2.2.1/lib/web_console/templates/_markup.html.erb (0.2ms)
  Rendered /Users/nguyenkhoavu/.rbenv/versions/2.2.3/lib/ruby/gems/2.2.0/gems/web-console-2.2.1/lib/web_console/templates/_inner_console_markup.html.erb within layouts/inlined_string (0.2ms)
  Rendered /Users/nguyenkhoavu/.rbenv/versions/2.2.3/lib/ruby/gems/2.2.0/gems/web-console-2.2.1/lib/web_console/templates/_prompt_box_markup.html.erb within layouts/inlined_string (0.3ms)
  Rendered /Users/nguyenkhoavu/.rbenv/versions/2.2.3/lib/ruby/gems/2.2.0/gems/web-console-2.2.1/lib/web_console/templates/style.css.erb within layouts/inlined_string (0.5ms)
  Rendered /Users/nguyenkhoavu/.rbenv/versions/2.2.3/lib/ruby/gems/2.2.0/gems/web-console-2.2.1/lib/web_console/templates/console.js.erb within layouts/javascript (56.0ms)
  Rendered /Users/nguyenkhoavu/.rbenv/versions/2.2.3/lib/ruby/gems/2.2.0/gems/web-console-2.2.1/lib/web_console/templates/main.js.erb within layouts/javascript (0.2ms)
  Rendered /Users/nguyenkhoavu/.rbenv/versions/2.2.3/lib/ruby/gems/2.2.0/gems/web-console-2.2.1/lib/web_console/templates/error_page.js.erb within layouts/javascript (0.3ms)
  Rendered /Users/nguyenkhoavu/.rbenv/versions/2.2.3/lib/ruby/gems/2.2.0/gems/web-console-2.2.1/lib/web_console/templates/index.html.erb (124.2ms)
Processing by HomeController#index as HTML
  Parameters: {"locale"=>"en"}
  Rendered home/index.html.erb within layouts/application (1.7ms)
  [1m[35mMtxUser Load (0.3ms)[0m  SELECT  `mtx_user`.* FROM `mtx_user` WHERE `mtx_user`.`id` = 1 LIMIT 1
  [1m[36mCACHE (0.0ms)[0m  [1mSELECT  `mtx_user`.* FROM `mtx_user` WHERE `mtx_user`.`id` = 1 LIMIT 1[0m  [["id", 1]]
  Rendered layouts/_header.html.erb (11.9ms)
  Rendered layouts/_footer.html.erb (0.4ms)
Completed 200 OK in 150ms (Views: 148.7ms | ActiveRecord: 0.3ms)
Processing by HomeController#index as HTML
  Parameters: {"locale"=>"en"}
  Rendered home/index.html.erb within layouts/application (0.8ms)
  [1m[35mMtxUser Load (0.3ms)[0m  SELECT  `mtx_user`.* FROM `mtx_user` WHERE `mtx_user`.`id` = 1 LIMIT 1
  [1m[36mCACHE (0.0ms)[0m  [1mSELECT  `mtx_user`.* FROM `mtx_user` WHERE `mtx_user`.`id` = 1 LIMIT 1[0m  [["id", 1]]
  Rendered layouts/_header.html.erb (2.6ms)
  Rendered layouts/_footer.html.erb (0.0ms)
Completed 200 OK in 152ms (Views: 150.8ms | ActiveRecord: 0.3ms)
Processing by HomeController#index as HTML
  Rendered home/index.html.erb within layouts/application (0.9ms)
  [1m[35mMtxUser Load (0.3ms)[0m  SELECT  `mtx_user`.* FROM `mtx_user` WHERE `mtx_user`.`id` = 1 LIMIT 1
  [1m[36mCACHE (0.0ms)[0m  [1mSELECT  `mtx_user`.* FROM `mtx_user` WHERE `mtx_user`.`id` = 1 LIMIT 1[0m  [["id", 1]]
  Rendered layouts/_header.html.erb (2.5ms)
  Rendered layouts/_footer.html.erb (0.0ms)
Completed 200 OK in 169ms (Views: 168.2ms | ActiveRecord: 0.3ms)
  Rendered /Users/nguyenkhoavu/.rbenv/versions/2.2.3/lib/ruby/gems/2.2.0/gems/actionpack-4.2.4/lib/action_dispatch/middleware/templates/rescues/unknown_action.html.erb within rescues/layout (0.4ms)
  Rendered /Users/nguyenkhoavu/.rbenv/versions/2.2.3/lib/ruby/gems/2.2.0/gems/web-console-2.2.1/lib/web_console/templates/_markup.html.erb (0.3ms)
  Rendered /Users/nguyenkhoavu/.rbenv/versions/2.2.3/lib/ruby/gems/2.2.0/gems/web-console-2.2.1/lib/web_console/templates/_inner_console_markup.html.erb within layouts/inlined_string (0.3ms)
  Rendered /Users/nguyenkhoavu/.rbenv/versions/2.2.3/lib/ruby/gems/2.2.0/gems/web-console-2.2.1/lib/web_console/templates/_prompt_box_markup.html.erb within layouts/inlined_string (0.4ms)
  Rendered /Users/nguyenkhoavu/.rbenv/versions/2.2.3/lib/ruby/gems/2.2.0/gems/web-console-2.2.1/lib/web_console/templates/style.css.erb within layouts/inlined_string (0.2ms)
  Rendered /Users/nguyenkhoavu/.rbenv/versions/2.2.3/lib/ruby/gems/2.2.0/gems/web-console-2.2.1/lib/web_console/templates/console.js.erb within layouts/javascript (52.2ms)
  Rendered /Users/nguyenkhoavu/.rbenv/versions/2.2.3/lib/ruby/gems/2.2.0/gems/web-console-2.2.1/lib/web_console/templates/main.js.erb within layouts/javascript (0.3ms)
  Rendered /Users/nguyenkhoavu/.rbenv/versions/2.2.3/lib/ruby/gems/2.2.0/gems/web-console-2.2.1/lib/web_console/templates/error_page.js.erb within layouts/javascript (0.4ms)
  Rendered /Users/nguyenkhoavu/.rbenv/versions/2.2.3/lib/ruby/gems/2.2.0/gems/web-console-2.2.1/lib/web_console/templates/index.html.erb (116.2ms)
Processing by PlaceOrdersController#index as HTML
  [1m[35mMtxWeeklyMenu Load (0.3ms)[0m  SELECT  `mtx_weekly_menu`.* FROM `mtx_weekly_menu` WHERE `mtx_weekly_menu`.`id` = 1 LIMIT 1
  [1m[36mMtxWeeklyMenuDetail Load (0.2ms)[0m  [1mSELECT `mtx_weekly_menu_detail`.* FROM `mtx_weekly_menu_detail` WHERE `mtx_weekly_menu_detail`.`weekly_menu_id` = 1[0m
  [1m[35mMtxProduct Load (0.2ms)[0m  SELECT  `mtx_product`.* FROM `mtx_product` WHERE `mtx_product`.`id` = 1 LIMIT 1
  [1m[36mMtxProductLanguage Load (0.2ms)[0m  [1mSELECT  `mtx_product_language`.* FROM `mtx_product_language` WHERE `mtx_product_language`.`product_id` = 1  ORDER BY `mtx_product_language`.`id` ASC LIMIT 1[0m
  [1m[35mMtxProduct Load (0.1ms)[0m  SELECT  `mtx_product`.* FROM `mtx_product` WHERE `mtx_product`.`id` = 2 LIMIT 1
  [1m[36mMtxProductLanguage Load (0.2ms)[0m  [1mSELECT  `mtx_product_language`.* FROM `mtx_product_language` WHERE `mtx_product_language`.`product_id` = 2  ORDER BY `mtx_product_language`.`id` ASC LIMIT 1[0m
  [1m[35mMtxProduct Load (0.2ms)[0m  SELECT  `mtx_product`.* FROM `mtx_product` WHERE `mtx_product`.`id` = 4 LIMIT 1
  [1m[36mMtxProductLanguage Load (0.2ms)[0m  [1mSELECT  `mtx_product_language`.* FROM `mtx_product_language` WHERE `mtx_product_language`.`product_id` = 4  ORDER BY `mtx_product_language`.`id` ASC LIMIT 1[0m
  Rendered place_orders/index.html.erb within layouts/application (5.3ms)
  [1m[35mMtxUser Load (0.3ms)[0m  SELECT  `mtx_user`.* FROM `mtx_user` WHERE `mtx_user`.`id` = 1 LIMIT 1
  Rendered layouts/_header.html.erb (9.0ms)
Completed 500 Internal Server Error in 156ms (ActiveRecord: 1.9ms)
  Rendered /Users/nguyenkhoavu/.rbenv/versions/2.2.3/lib/ruby/gems/2.2.0/gems/actionpack-4.2.4/lib/action_dispatch/middleware/templates/rescues/_source.erb (7.6ms)
  Rendered /Users/nguyenkhoavu/.rbenv/versions/2.2.3/lib/ruby/gems/2.2.0/gems/actionpack-4.2.4/lib/action_dispatch/middleware/templates/rescues/_trace.html.erb (5.6ms)
  Rendered /Users/nguyenkhoavu/.rbenv/versions/2.2.3/lib/ruby/gems/2.2.0/gems/actionpack-4.2.4/lib/action_dispatch/middleware/templates/rescues/_request_and_response.html.erb (0.9ms)
  Rendered /Users/nguyenkhoavu/.rbenv/versions/2.2.3/lib/ruby/gems/2.2.0/gems/actionpack-4.2.4/lib/action_dispatch/middleware/templates/rescues/template_error.html.erb within rescues/layout (70.5ms)
  Rendered /Users/nguyenkhoavu/.rbenv/versions/2.2.3/lib/ruby/gems/2.2.0/gems/web-console-2.2.1/lib/web_console/templates/_markup.html.erb (0.3ms)
  Rendered /Users/nguyenkhoavu/.rbenv/versions/2.2.3/lib/ruby/gems/2.2.0/gems/web-console-2.2.1/lib/web_console/templates/_inner_console_markup.html.erb within layouts/inlined_string (0.3ms)
  Rendered /Users/nguyenkhoavu/.rbenv/versions/2.2.3/lib/ruby/gems/2.2.0/gems/web-console-2.2.1/lib/web_console/templates/_prompt_box_markup.html.erb within layouts/inlined_string (0.2ms)
  Rendered /Users/nguyenkhoavu/.rbenv/versions/2.2.3/lib/ruby/gems/2.2.0/gems/web-console-2.2.1/lib/web_console/templates/style.css.erb within layouts/inlined_string (0.3ms)
  Rendered /Users/nguyenkhoavu/.rbenv/versions/2.2.3/lib/ruby/gems/2.2.0/gems/web-console-2.2.1/lib/web_console/templates/console.js.erb within layouts/javascript (52.4ms)
  Rendered /Users/nguyenkhoavu/.rbenv/versions/2.2.3/lib/ruby/gems/2.2.0/gems/web-console-2.2.1/lib/web_console/templates/main.js.erb within layouts/javascript (0.2ms)
  Rendered /Users/nguyenkhoavu/.rbenv/versions/2.2.3/lib/ruby/gems/2.2.0/gems/web-console-2.2.1/lib/web_console/templates/error_page.js.erb within layouts/javascript (0.3ms)
  Rendered /Users/nguyenkhoavu/.rbenv/versions/2.2.3/lib/ruby/gems/2.2.0/gems/web-console-2.2.1/lib/web_console/templates/index.html.erb (117.7ms)
Processing by PlaceOrdersController#index as HTML
  [1m[36mMtxWeeklyMenu Load (0.2ms)[0m  [1mSELECT  `mtx_weekly_menu`.* FROM `mtx_weekly_menu` WHERE `mtx_weekly_menu`.`id` = 1 LIMIT 1[0m
  [1m[35mMtxWeeklyMenuDetail Load (0.3ms)[0m  SELECT `mtx_weekly_menu_detail`.* FROM `mtx_weekly_menu_detail` WHERE `mtx_weekly_menu_detail`.`weekly_menu_id` = 1
  [1m[36mMtxProduct Load (0.2ms)[0m  [1mSELECT  `mtx_product`.* FROM `mtx_product` WHERE `mtx_product`.`id` = 1 LIMIT 1[0m
  [1m[35mMtxProductLanguage Load (0.2ms)[0m  SELECT  `mtx_product_language`.* FROM `mtx_product_language` WHERE `mtx_product_language`.`product_id` = 1  ORDER BY `mtx_product_language`.`id` ASC LIMIT 1
  [1m[36mMtxProduct Load (0.2ms)[0m  [1mSELECT  `mtx_product`.* FROM `mtx_product` WHERE `mtx_product`.`id` = 2 LIMIT 1[0m
  [1m[35mMtxProductLanguage Load (0.2ms)[0m  SELECT  `mtx_product_language`.* FROM `mtx_product_language` WHERE `mtx_product_language`.`product_id` = 2  ORDER BY `mtx_product_language`.`id` ASC LIMIT 1
  [1m[36mMtxProduct Load (0.2ms)[0m  [1mSELECT  `mtx_product`.* FROM `mtx_product` WHERE `mtx_product`.`id` = 4 LIMIT 1[0m
  [1m[35mMtxProductLanguage Load (0.2ms)[0m  SELECT  `mtx_product_language`.* FROM `mtx_product_language` WHERE `mtx_product_language`.`product_id` = 4  ORDER BY `mtx_product_language`.`id` ASC LIMIT 1
  Rendered place_orders/index.html.erb within layouts/application (28.2ms)
  [1m[36mMtxUser Load (0.2ms)[0m  [1mSELECT  `mtx_user`.* FROM `mtx_user` WHERE `mtx_user`.`id` = 1 LIMIT 1[0m
  [1m[35mCACHE (0.0ms)[0m  SELECT  `mtx_user`.* FROM `mtx_user` WHERE `mtx_user`.`id` = 1 LIMIT 1  [["id", 1]]
  Rendered layouts/_header.html.erb (23.3ms)
  Rendered layouts/_footer.html.erb (0.0ms)
Completed 200 OK in 223ms (Views: 172.1ms | ActiveRecord: 26.3ms)
Processing by HomeController#index as HTML
  Rendered home/index.html.erb within layouts/application (0.9ms)
  [1m[36mMtxUser Load (0.4ms)[0m  [1mSELECT  `mtx_user`.* FROM `mtx_user` WHERE `mtx_user`.`id` = 1 LIMIT 1[0m
  [1m[35mCACHE (0.0ms)[0m  SELECT  `mtx_user`.* FROM `mtx_user` WHERE `mtx_user`.`id` = 1 LIMIT 1  [["id", 1]]
  Rendered layouts/_header.html.erb (2.9ms)
  Rendered layouts/_footer.html.erb (0.0ms)
Completed 200 OK in 167ms (Views: 166.4ms | ActiveRecord: 0.4ms)
Processing by HomeController#index as HTML
  Rendered home/index.html.erb within layouts/application (1.2ms)
  [1m[36mMtxUser Load (0.3ms)[0m  [1mSELECT  `mtx_user`.* FROM `mtx_user` WHERE `mtx_user`.`id` = 1 LIMIT 1[0m
  [1m[35mCACHE (0.0ms)[0m  SELECT  `mtx_user`.* FROM `mtx_user` WHERE `mtx_user`.`id` = 1 LIMIT 1  [["id", 1]]
  Rendered layouts/_header.html.erb (1.9ms)
  Rendered layouts/_footer.html.erb (0.0ms)
Completed 200 OK in 177ms (Views: 176.0ms | ActiveRecord: 0.3ms)
Processing by HomeController#index as HTML
  Rendered home/index.html.erb within layouts/application (0.8ms)
  [1m[36mMtxUser Load (0.3ms)[0m  [1mSELECT  `mtx_user`.* FROM `mtx_user` WHERE `mtx_user`.`id` = 1 LIMIT 1[0m
  [1m[35mCACHE (0.0ms)[0m  SELECT  `mtx_user`.* FROM `mtx_user` WHERE `mtx_user`.`id` = 1 LIMIT 1  [["id", 1]]
  Rendered layouts/_header.html.erb (1.8ms)
  Rendered layouts/_footer.html.erb (0.0ms)
Completed 200 OK in 142ms (Views: 141.5ms | ActiveRecord: 0.3ms)
  Rendered /Users/nguyenkhoavu/.rbenv/versions/2.2.3/lib/ruby/gems/2.2.0/gems/actionpack-4.2.4/lib/action_dispatch/middleware/templates/rescues/unknown_action.html.erb within rescues/layout (0.4ms)
  Rendered /Users/nguyenkhoavu/.rbenv/versions/2.2.3/lib/ruby/gems/2.2.0/gems/web-console-2.2.1/lib/web_console/templates/_markup.html.erb (0.3ms)
  Rendered /Users/nguyenkhoavu/.rbenv/versions/2.2.3/lib/ruby/gems/2.2.0/gems/web-console-2.2.1/lib/web_console/templates/_inner_console_markup.html.erb within layouts/inlined_string (0.2ms)
  Rendered /Users/nguyenkhoavu/.rbenv/versions/2.2.3/lib/ruby/gems/2.2.0/gems/web-console-2.2.1/lib/web_console/templates/_prompt_box_markup.html.erb within layouts/inlined_string (0.3ms)
  Rendered /Users/nguyenkhoavu/.rbenv/versions/2.2.3/lib/ruby/gems/2.2.0/gems/web-console-2.2.1/lib/web_console/templates/style.css.erb within layouts/inlined_string (0.4ms)
  Rendered /Users/nguyenkhoavu/.rbenv/versions/2.2.3/lib/ruby/gems/2.2.0/gems/web-console-2.2.1/lib/web_console/templates/console.js.erb within layouts/javascript (69.5ms)
  Rendered /Users/nguyenkhoavu/.rbenv/versions/2.2.3/lib/ruby/gems/2.2.0/gems/web-console-2.2.1/lib/web_console/templates/main.js.erb within layouts/javascript (0.2ms)
  Rendered /Users/nguyenkhoavu/.rbenv/versions/2.2.3/lib/ruby/gems/2.2.0/gems/web-console-2.2.1/lib/web_console/templates/error_page.js.erb within layouts/javascript (0.4ms)
  Rendered /Users/nguyenkhoavu/.rbenv/versions/2.2.3/lib/ruby/gems/2.2.0/gems/web-console-2.2.1/lib/web_console/templates/index.html.erb (137.5ms)
  Rendered /Users/nguyenkhoavu/.rbenv/versions/2.2.3/lib/ruby/gems/2.2.0/gems/actionpack-4.2.4/lib/action_dispatch/middleware/templates/rescues/unknown_action.html.erb within rescues/layout (0.5ms)
  Rendered /Users/nguyenkhoavu/.rbenv/versions/2.2.3/lib/ruby/gems/2.2.0/gems/web-console-2.2.1/lib/web_console/templates/_markup.html.erb (0.3ms)
  Rendered /Users/nguyenkhoavu/.rbenv/versions/2.2.3/lib/ruby/gems/2.2.0/gems/web-console-2.2.1/lib/web_console/templates/_inner_console_markup.html.erb within layouts/inlined_string (0.3ms)
  Rendered /Users/nguyenkhoavu/.rbenv/versions/2.2.3/lib/ruby/gems/2.2.0/gems/web-console-2.2.1/lib/web_console/templates/_prompt_box_markup.html.erb within layouts/inlined_string (0.3ms)
  Rendered /Users/nguyenkhoavu/.rbenv/versions/2.2.3/lib/ruby/gems/2.2.0/gems/web-console-2.2.1/lib/web_console/templates/style.css.erb within layouts/inlined_string (0.3ms)
  Rendered /Users/nguyenkhoavu/.rbenv/versions/2.2.3/lib/ruby/gems/2.2.0/gems/web-console-2.2.1/lib/web_console/templates/console.js.erb within layouts/javascript (51.1ms)
  Rendered /Users/nguyenkhoavu/.rbenv/versions/2.2.3/lib/ruby/gems/2.2.0/gems/web-console-2.2.1/lib/web_console/templates/main.js.erb within layouts/javascript (0.4ms)
  Rendered /Users/nguyenkhoavu/.rbenv/versions/2.2.3/lib/ruby/gems/2.2.0/gems/web-console-2.2.1/lib/web_console/templates/error_page.js.erb within layouts/javascript (0.5ms)
  Rendered /Users/nguyenkhoavu/.rbenv/versions/2.2.3/lib/ruby/gems/2.2.0/gems/web-console-2.2.1/lib/web_console/templates/index.html.erb (115.5ms)
  Rendered /Users/nguyenkhoavu/.rbenv/versions/2.2.3/lib/ruby/gems/2.2.0/gems/actionpack-4.2.4/lib/action_dispatch/middleware/templates/rescues/unknown_action.html.erb within rescues/layout (0.4ms)
  Rendered /Users/nguyenkhoavu/.rbenv/versions/2.2.3/lib/ruby/gems/2.2.0/gems/web-console-2.2.1/lib/web_console/templates/_markup.html.erb (0.3ms)
  Rendered /Users/nguyenkhoavu/.rbenv/versions/2.2.3/lib/ruby/gems/2.2.0/gems/web-console-2.2.1/lib/web_console/templates/_inner_console_markup.html.erb within layouts/inlined_string (0.3ms)
  Rendered /Users/nguyenkhoavu/.rbenv/versions/2.2.3/lib/ruby/gems/2.2.0/gems/web-console-2.2.1/lib/web_console/templates/_prompt_box_markup.html.erb within layouts/inlined_string (0.6ms)
  Rendered /Users/nguyenkhoavu/.rbenv/versions/2.2.3/lib/ruby/gems/2.2.0/gems/web-console-2.2.1/lib/web_console/templates/style.css.erb within layouts/inlined_string (0.3ms)
  Rendered /Users/nguyenkhoavu/.rbenv/versions/2.2.3/lib/ruby/gems/2.2.0/gems/web-console-2.2.1/lib/web_console/templates/console.js.erb within layouts/javascript (64.7ms)
  Rendered /Users/nguyenkhoavu/.rbenv/versions/2.2.3/lib/ruby/gems/2.2.0/gems/web-console-2.2.1/lib/web_console/templates/main.js.erb within layouts/javascript (0.2ms)
  Rendered /Users/nguyenkhoavu/.rbenv/versions/2.2.3/lib/ruby/gems/2.2.0/gems/web-console-2.2.1/lib/web_console/templates/error_page.js.erb within layouts/javascript (0.5ms)
  Rendered /Users/nguyenkhoavu/.rbenv/versions/2.2.3/lib/ruby/gems/2.2.0/gems/web-console-2.2.1/lib/web_console/templates/index.html.erb (140.3ms)
Processing by PlaceOrdersController#index as HTML
  [1m[36mMtxWeeklyMenu Load (0.3ms)[0m  [1mSELECT  `mtx_weekly_menu`.* FROM `mtx_weekly_menu` WHERE `mtx_weekly_menu`.`id` = 1 LIMIT 1[0m
  [1m[35mMtxWeeklyMenuDetail Load (0.2ms)[0m  SELECT `mtx_weekly_menu_detail`.* FROM `mtx_weekly_menu_detail` WHERE `mtx_weekly_menu_detail`.`weekly_menu_id` = 1
  [1m[36mMtxProduct Load (0.2ms)[0m  [1mSELECT  `mtx_product`.* FROM `mtx_product` WHERE `mtx_product`.`id` = 1 LIMIT 1[0m
  [1m[35mMtxProductLanguage Load (0.2ms)[0m  SELECT  `mtx_product_language`.* FROM `mtx_product_language` WHERE `mtx_product_language`.`product_id` = 1  ORDER BY `mtx_product_language`.`id` ASC LIMIT 1
  [1m[36mMtxProduct Load (0.2ms)[0m  [1mSELECT  `mtx_product`.* FROM `mtx_product` WHERE `mtx_product`.`id` = 2 LIMIT 1[0m
  [1m[35mMtxProductLanguage Load (0.2ms)[0m  SELECT  `mtx_product_language`.* FROM `mtx_product_language` WHERE `mtx_product_language`.`product_id` = 2  ORDER BY `mtx_product_language`.`id` ASC LIMIT 1
  [1m[36mMtxProduct Load (0.1ms)[0m  [1mSELECT  `mtx_product`.* FROM `mtx_product` WHERE `mtx_product`.`id` = 4 LIMIT 1[0m
  [1m[35mMtxProductLanguage Load (0.3ms)[0m  SELECT  `mtx_product_language`.* FROM `mtx_product_language` WHERE `mtx_product_language`.`product_id` = 4  ORDER BY `mtx_product_language`.`id` ASC LIMIT 1
  Rendered place_orders/index.html.erb within layouts/application (6.1ms)
  [1m[36mMtxUser Load (0.3ms)[0m  [1mSELECT  `mtx_user`.* FROM `mtx_user` WHERE `mtx_user`.`id` = 1 LIMIT 1[0m
  [1m[35mCACHE (0.0ms)[0m  SELECT  `mtx_user`.* FROM `mtx_user` WHERE `mtx_user`.`id` = 1 LIMIT 1  [["id", 1]]
  Rendered layouts/_header.html.erb (2.0ms)
  Rendered layouts/_footer.html.erb (0.0ms)
Completed 200 OK in 178ms (Views: 174.2ms | ActiveRecord: 2.0ms)
